#
# There is insufficient memory for the Java Runtime Environment to continue.
# Native memory allocation (malloc) failed to allocate 896736 bytes. Error detail: Chunk::new
# Possible reasons:
#   The system is out of physical RAM or swap space
#   This process is running with CompressedOops enabled, and the Java Heap may be blocking the growth of the native heap
# Possible solutions:
#   Reduce memory load on the system
#   Increase physical memory or swap space
#   Check if swap backing store is full
#   Decrease Java heap size (-Xmx/-Xms)
#   Decrease number of Java threads
#   Decrease Java thread stack sizes (-Xss)
#   Set larger code cache with -XX:ReservedCodeCacheSize=
#   JVM is running with Unscaled Compressed Oops mode in which the Java heap is
#     placed in the first 4GB address space. The Java Heap base address is the
#     maximum limit for the native heap growth. Please use -XX:HeapBaseMinAddress
#     to set the Java Heap base and to place the Java Heap above 4GB virtual address.
# This output file may be truncated or incomplete.
#
#  Out of Memory Error (arena.cpp:168), pid=1308, tid=16168
#
# JRE version: OpenJDK Runtime Environment Temurin-21.0.9+10 (21.0.9+10) (build 21.0.9+10-LTS)
# Java VM: OpenJDK 64-Bit Server VM Temurin-21.0.9+10 (21.0.9+10-LTS, mixed mode, sharing, tiered, compressed oops, compressed class ptrs, parallel gc, windows-amd64)
# No core dump will be written. Minidumps are not enabled by default on client versions of Windows
#

---------------  S U M M A R Y ------------

Command Line: --add-modules=ALL-SYSTEM --add-opens=java.base/java.util=ALL-UNNAMED --add-opens=java.base/java.lang=ALL-UNNAMED --add-opens=java.base/sun.nio.fs=ALL-UNNAMED -Declipse.application=org.eclipse.jdt.ls.core.id1 -Dosgi.bundles.defaultStartLevel=4 -Declipse.product=org.eclipse.jdt.ls.core.product -Djava.import.generatesMetadataFilesAtProjectRoot=false -DDetectVMInstallationsJob.disabled=true -Dfile.encoding=utf8 -XX:+UseParallelGC -XX:GCTimeRatio=4 -XX:AdaptiveSizePolicyWeight=90 -Dsun.zip.disableMemoryMapping=true -Xmx2G -Xms100m -Xlog:disable -javaagent:c:\Users\vidhu\.vscode\extensions\redhat.java-1.50.0-win32-x64\lombok\lombok-1.18.39-4050.jar c:\Users\vidhu\.vscode\extensions\redhat.java-1.50.0-win32-x64\server\plugins\org.eclipse.equinox.launcher_1.7.100.v20251111-0406.jar -configuration c:\Users\vidhu\AppData\Roaming\Code\User\globalStorage\redhat.java\1.50.0\config_ss_win -data c:\Users\vidhu\AppData\Roaming\Code\User\workspaceStorage\0945df33211d2f548a64139e8c7cf1fe\redhat.java\ss_ws --pipe=\\.\pipe\lsp-17e916f1357c7c0b1b08870156e5c206-sock

Host: 12th Gen Intel(R) Core(TM) i3-1215U, 8 cores, 7G,  Windows 11 , 64 bit Build 22621 (10.0.22621.5415)
Time: Wed Dec 17 18:55:37 2025 India Standard Time elapsed time: 8.561906 seconds (0d 0h 0m 8s)

---------------  T H R E A D  ---------------

Current thread (0x000002ce1461f950):  JavaThread "C2 CompilerThread2" daemon [_thread_in_native, id=16168, stack(0x000000d11ae00000,0x000000d11af00000) (1024K)]


Current CompileTask:
C2:8562 5000 %     4       org.lombokweb.asm.ClassReader::readCode @ 2037 (5117 bytes)

Stack: [0x000000d11ae00000,0x000000d11af00000]
Native frames: (J=compiled Java code, j=interpreted, Vv=VM code, C=native code)
V  [jvm.dll+0x6d6e29]
V  [jvm.dll+0x8b4b76]
V  [jvm.dll+0x8b712e]
V  [jvm.dll+0x8b7813]
V  [jvm.dll+0x283d86]
V  [jvm.dll+0xc66ed]
V  [jvm.dll+0xc6c31]
V  [jvm.dll+0x2facee]
V  [jvm.dll+0x5fde44]
V  [jvm.dll+0x255557]
V  [jvm.dll+0x25591d]
V  [jvm.dll+0x24df40]
V  [jvm.dll+0x24b482]
V  [jvm.dll+0x1cb13e]
V  [jvm.dll+0x25b29d]
V  [jvm.dll+0x25982a]
V  [jvm.dll+0x3f7ea6]
V  [jvm.dll+0x85e9ad]
V  [jvm.dll+0x6d565d]
C  [ucrtbase.dll+0x29333]
C  [KERNEL32.DLL+0x1259d]
C  [ntdll.dll+0x5af78]


---------------  P R O C E S S  ---------------

Threads class SMR info:
_java_thread_list=0x000002ce11835f10, length=36, elements={
0x000002cdb1701d70, 0x000002cdca45ce30, 0x000002cdca45e630, 0x000002cdb3a55de0,
0x000002cdb3a580b0, 0x000002cdb3a5c5c0, 0x000002cdb3a5b210, 0x000002cdb3a6e3c0,
0x000002ce11002090, 0x000002cdb3a5cc50, 0x000002cdb3a5ab80, 0x000002cdb3a5a4f0,
0x000002cdb3a5b8a0, 0x000002cdb3a5d2e0, 0x000002cdb3a5bf30, 0x000002cdb3a59e60,
0x000002ce11fbb0d0, 0x000002ce11fbebe0, 0x000002ce11fbff90, 0x000002ce11fc26f0,
0x000002ce11fc0cb0, 0x000002ce11fc0620, 0x000002ce11fc1340, 0x000002ce11fc19d0,
0x000002ce11fc2060, 0x000002ce11fbb760, 0x000002ce11fbbdf0, 0x000002ce11fbd1a0,
0x000002ce11fbcb10, 0x000002ce11fbc480, 0x000002ce11fbe550, 0x000002ce11fbd830,
0x000002ce11fbdec0, 0x000002ce11fbf270, 0x000002ce115717f0, 0x000002ce1461f950
}

Java Threads: ( => current thread )
  0x000002cdb1701d70 JavaThread "main"                              [_thread_blocked, id=7292, stack(0x000000d118100000,0x000000d118200000) (1024K)]
  0x000002cdca45ce30 JavaThread "Reference Handler"          daemon [_thread_blocked, id=17608, stack(0x000000d118500000,0x000000d118600000) (1024K)]
  0x000002cdca45e630 JavaThread "Finalizer"                  daemon [_thread_blocked, id=20280, stack(0x000000d118600000,0x000000d118700000) (1024K)]
  0x000002cdb3a55de0 JavaThread "Signal Dispatcher"          daemon [_thread_blocked, id=19572, stack(0x000000d118700000,0x000000d118800000) (1024K)]
  0x000002cdb3a580b0 JavaThread "Attach Listener"            daemon [_thread_blocked, id=22448, stack(0x000000d118800000,0x000000d118900000) (1024K)]
  0x000002cdb3a5c5c0 JavaThread "Service Thread"             daemon [_thread_blocked, id=9476, stack(0x000000d118900000,0x000000d118a00000) (1024K)]
  0x000002cdb3a5b210 JavaThread "Monitor Deflation Thread"   daemon [_thread_blocked, id=10828, stack(0x000000d118a00000,0x000000d118b00000) (1024K)]
  0x000002cdb3a6e3c0 JavaThread "C2 CompilerThread0"         daemon [_thread_in_native, id=2508, stack(0x000000d118b00000,0x000000d118c00000) (1024K)]
  0x000002ce11002090 JavaThread "C1 CompilerThread0"         daemon [_thread_blocked, id=12212, stack(0x000000d118c00000,0x000000d118d00000) (1024K)]
  0x000002cdb3a5cc50 JavaThread "Common-Cleaner"             daemon [_thread_blocked, id=15660, stack(0x000000d118e00000,0x000000d118f00000) (1024K)]
  0x000002cdb3a5ab80 JavaThread "Notification Thread"        daemon [_thread_blocked, id=12696, stack(0x000000d118f00000,0x000000d119000000) (1024K)]
  0x000002cdb3a5a4f0 JavaThread "Active Thread: Equinox Container: 116d82d0-e691-426f-899f-2e18dfedf26e"        [_thread_blocked, id=3880, stack(0x000000d119000000,0x000000d119100000) (1024K)]
  0x000002cdb3a5b8a0 JavaThread "Framework Event Dispatcher: Equinox Container: 116d82d0-e691-426f-899f-2e18dfedf26e" daemon [_thread_blocked, id=5568, stack(0x000000d119700000,0x000000d119800000) (1024K)]
  0x000002cdb3a5d2e0 JavaThread "Start Level: Equinox Container: 116d82d0-e691-426f-899f-2e18dfedf26e" daemon [_thread_blocked, id=18244, stack(0x000000d119800000,0x000000d119900000) (1024K)]
  0x000002cdb3a5bf30 JavaThread "SCR Component Actor"        daemon [_thread_blocked, id=14960, stack(0x000000d118d00000,0x000000d118e00000) (1024K)]
  0x000002cdb3a59e60 JavaThread "Worker-JM"                         [_thread_blocked, id=18916, stack(0x000000d119c00000,0x000000d119d00000) (1024K)]
  0x000002ce11fbb0d0 JavaThread "JNA Cleaner"                daemon [_thread_blocked, id=18384, stack(0x000000d119b00000,0x000000d119c00000) (1024K)]
  0x000002ce11fbebe0 JavaThread "Worker-0"                          [_thread_blocked, id=11608, stack(0x000000d119d00000,0x000000d119e00000) (1024K)]
  0x000002ce11fbff90 JavaThread "Worker-1"                          [_thread_blocked, id=8124, stack(0x000000d119e00000,0x000000d119f00000) (1024K)]
  0x000002ce11fc26f0 JavaThread "Thread-1"                   daemon [_thread_in_native, id=19388, stack(0x000000d11a000000,0x000000d11a100000) (1024K)]
  0x000002ce11fc0cb0 JavaThread "Thread-2"                   daemon [_thread_in_native, id=1296, stack(0x000000d11a100000,0x000000d11a200000) (1024K)]
  0x000002ce11fc0620 JavaThread "Thread-3"                   daemon [_thread_in_native, id=1124, stack(0x000000d11a200000,0x000000d11a300000) (1024K)]
  0x000002ce11fc1340 JavaThread "Thread-4"                   daemon [_thread_in_native, id=8680, stack(0x000000d11a300000,0x000000d11a400000) (1024K)]
  0x000002ce11fc19d0 JavaThread "Thread-5"                   daemon [_thread_in_native, id=2672, stack(0x000000d11a400000,0x000000d11a500000) (1024K)]
  0x000002ce11fc2060 JavaThread "Thread-6"                   daemon [_thread_in_native, id=13764, stack(0x000000d11a500000,0x000000d11a600000) (1024K)]
  0x000002ce11fbb760 JavaThread "Thread-7"                   daemon [_thread_in_native, id=21012, stack(0x000000d11a600000,0x000000d11a700000) (1024K)]
  0x000002ce11fbbdf0 JavaThread "Thread-8"                   daemon [_thread_in_native, id=20816, stack(0x000000d11a700000,0x000000d11a800000) (1024K)]
  0x000002ce11fbd1a0 JavaThread "Thread-9"                   daemon [_thread_in_native, id=13024, stack(0x000000d11a800000,0x000000d11a900000) (1024K)]
  0x000002ce11fbcb10 JavaThread "pool-2-thread-1"                   [_thread_blocked, id=22444, stack(0x000000d11a900000,0x000000d11aa00000) (1024K)]
  0x000002ce11fbc480 JavaThread "Worker-2"                          [_thread_blocked, id=11164, stack(0x000000d11aa00000,0x000000d11ab00000) (1024K)]
  0x000002ce11fbe550 JavaThread "WorkspaceEventsHandler"            [_thread_blocked, id=14104, stack(0x000000d11ab00000,0x000000d11ac00000) (1024K)]
  0x000002ce11fbd830 JavaThread "pool-1-thread-1"                   [_thread_blocked, id=5864, stack(0x000000d11ac00000,0x000000d11ad00000) (1024K)]
  0x000002ce11fbdec0 JavaThread "ForkJoinPool.commonPool-worker-1" daemon [_thread_blocked, id=18528, stack(0x000000d11ad00000,0x000000d11ae00000) (1024K)]
  0x000002ce11fbf270 JavaThread "ForkJoinPool.commonPool-worker-2" daemon [_thread_in_native, id=5356, stack(0x000000d119f00000,0x000000d11a000000) (1024K)]
  0x000002ce115717f0 JavaThread "C2 CompilerThread1"         daemon [_thread_in_native, id=5136, stack(0x000000d119a00000,0x000000d119b00000) (1024K)]
=>0x000002ce1461f950 JavaThread "C2 CompilerThread2"         daemon [_thread_in_native, id=16168, stack(0x000000d11ae00000,0x000000d11af00000) (1024K)]
Total: 36

Other Threads:
  0x000002cdb3a53bd0 VMThread "VM Thread"                           [id=18232, stack(0x000000d118400000,0x000000d118500000) (1024K)]
  0x000002cdca33ca00 WatcherThread "VM Periodic Task Thread"        [id=7820, stack(0x000000d118300000,0x000000d118400000) (1024K)]
  0x000002cdb39f1ff0 WorkerThread "GC Thread#0"                     [id=2104, stack(0x000000d118200000,0x000000d118300000) (1024K)]
  0x000002ce11a4f1a0 WorkerThread "GC Thread#1"                     [id=22120, stack(0x000000d119100000,0x000000d119200000) (1024K)]
  0x000002ce11a4f540 WorkerThread "GC Thread#2"                     [id=13220, stack(0x000000d119200000,0x000000d119300000) (1024K)]
  0x000002ce11915640 WorkerThread "GC Thread#3"                     [id=6208, stack(0x000000d119300000,0x000000d119400000) (1024K)]
  0x000002ce119159e0 WorkerThread "GC Thread#4"                     [id=12832, stack(0x000000d119400000,0x000000d119500000) (1024K)]
  0x000002ce11915d80 WorkerThread "GC Thread#5"                     [id=460, stack(0x000000d119500000,0x000000d119600000) (1024K)]
  0x000002ce11916120 WorkerThread "GC Thread#6"                     [id=20432, stack(0x000000d119600000,0x000000d119700000) (1024K)]
  0x000002ce11f47730 WorkerThread "GC Thread#7"                     [id=18672, stack(0x000000d119900000,0x000000d119a00000) (1024K)]
Total: 10

Threads with active compile tasks:
C2 CompilerThread0  8600 4991       4       org.lombokweb.asm.ClassReader::readMethod (1070 bytes)
C2 CompilerThread1  8600 4958 %     4       org.lombokweb.asm.SymbolTable::<init> @ 98 (554 bytes)
C2 CompilerThread2  8600 5000 %     4       org.lombokweb.asm.ClassReader::readCode @ 2037 (5117 bytes)
Total: 3

VM state: not at safepoint (normal execution)

VM Mutex/Monitor currently owned by a thread: None

Heap address: 0x0000000080000000, size: 2048 MB, Compressed Oops mode: 32-bit

CDS archive(s) mapped at: [0x000002cdcb000000-0x000002cdcbba0000-0x000002cdcbba0000), size 12189696, SharedBaseAddress: 0x000002cdcb000000, ArchiveRelocationMode: 1.
Compressed class space mapped at: 0x000002cdcc000000-0x000002ce0c000000, reserved size: 1073741824
Narrow klass base: 0x000002cdcb000000, Narrow klass shift: 0, Narrow klass range: 0x100000000

GC Precious Log:
 CardTable entry size: 512
 CPUs: 8 total, 8 available
 Memory: 7916M
 Large Page Support: Disabled
 NUMA Support: Disabled
 Compressed Oops: Enabled (32-bit)
 Alignments: Space 512K, Generation 512K, Heap 2M
 Heap Min Capacity: 100M
 Heap Initial Capacity: 100M
 Heap Max Capacity: 2G
 Pre-touch: Disabled
 Parallel Workers: 8

Heap:
 PSYoungGen      total 22016K, used 21305K [0x00000000d5580000, 0x00000000d6f00000, 0x0000000100000000)
  eden space 20992K, 96% used [0x00000000d5580000,0x00000000d6952158,0x00000000d6a00000)
  from space 1024K, 98% used [0x00000000d6a80000,0x00000000d6b7c310,0x00000000d6b80000)
  to   space 2560K, 0% used [0x00000000d6c80000,0x00000000d6c80000,0x00000000d6f00000)
 ParOldGen       total 68608K, used 29533K [0x0000000080000000, 0x0000000084300000, 0x00000000d5580000)
  object space 68608K, 43% used [0x0000000080000000,0x0000000081cd7768,0x0000000084300000)
 Metaspace       used 39332K, committed 40384K, reserved 1114112K
  class space    used 3970K, committed 4416K, reserved 1048576K

Card table byte_map: [0x000002cdb3350000,0x000002cdb3760000] _byte_map_base: 0x000002cdb2f50000

Marking Bits: (ParMarkBitMap*) 0x00007ffcb67c2460
 Begin Bits: [0x000002cdc5e60000, 0x000002cdc7e60000)
 End Bits:   [0x000002cdc7e60000, 0x000002cdc9e60000)

Polling page: 0x000002cdb1860000

Metaspace:

Usage:
  Non-class:     34.53 MB used.
      Class:      3.88 MB used.
       Both:     38.41 MB used.

Virtual space:
  Non-class space:       64.00 MB reserved,      35.12 MB ( 55%) committed,  1 nodes.
      Class space:        1.00 GB reserved,       4.31 MB ( <1%) committed,  1 nodes.
             Both:        1.06 GB reserved,      39.44 MB (  4%) committed. 

Chunk freelists:
   Non-Class:  12.58 MB
       Class:  11.67 MB
        Both:  24.25 MB

MaxMetaspaceSize: unlimited
CompressedClassSpaceSize: 1.00 GB
Initial GC threshold: 21.00 MB
Current GC threshold: 58.38 MB
CDS: on
 - commit_granule_bytes: 65536.
 - commit_granule_words: 8192.
 - virtual_space_node_default_size: 8388608.
 - enlarge_chunks_in_place: 1.
 - use_allocation_guard: 0.


Internal statistics:

num_allocs_failed_limit: 6.
num_arena_births: 814.
num_arena_deaths: 86.
num_vsnodes_births: 2.
num_vsnodes_deaths: 0.
num_space_committed: 631.
num_space_uncommitted: 0.
num_chunks_returned_to_freelist: 121.
num_chunks_taken_from_freelist: 2570.
num_chunk_merges: 35.
num_chunk_splits: 1571.
num_chunks_enlarged: 919.
num_inconsistent_stats: 0.

CodeHeap 'non-profiled nmethods': size=120000Kb used=2517Kb max_used=2517Kb free=117482Kb
 bounds [0x000002cdbe680000, 0x000002cdbe910000, 0x000002cdc5bb0000]
CodeHeap 'profiled nmethods': size=120000Kb used=9693Kb max_used=9693Kb free=110306Kb
 bounds [0x000002cdb6bb0000, 0x000002cdb7530000, 0x000002cdbe0e0000]
CodeHeap 'non-nmethods': size=5760Kb used=1398Kb max_used=1434Kb free=4361Kb
 bounds [0x000002cdbe0e0000, 0x000002cdbe350000, 0x000002cdbe680000]
CodeCache: size=245760Kb, used=13608Kb, max_used=13644Kb, free=232149Kb
 total_blobs=5323, nmethods=4617, adapters=612, full_count=0
Compilation: enabled, stopped_count=0, restarted_count=0

Compilation events (20 events):
Event: 8.457 Thread 0x000002ce1461f950 nmethod 4990 0x000002cdbe723310 code [0x000002cdbe723500, 0x000002cdbe723a48]
Event: 8.457 Thread 0x000002ce1461f950 5000 %     4       org.lombokweb.asm.ClassReader::readCode @ 2037 (5117 bytes)
Event: 8.463 Thread 0x000002ce11002090 5001       3       lombok.patcher.MethodLogistics::sizeOf (46 bytes)
Event: 8.463 Thread 0x000002ce11002090 nmethod 5001 0x000002cdb7522f90 code [0x000002cdb75231a0, 0x000002cdb75237e0]
Event: 8.467 Thread 0x000002ce11002090 5003       3       org.lombokweb.asm.MethodWriter::visitEnd (1 bytes)
Event: 8.468 Thread 0x000002ce11002090 nmethod 5003 0x000002cdb6bcd290 code [0x000002cdb6bcd420, 0x000002cdb6bcd528]
Event: 8.468 Thread 0x000002ce11002090 5004       3       org.lombokweb.asm.MethodWriter::visitCode (1 bytes)
Event: 8.468 Thread 0x000002ce11002090 nmethod 5004 0x000002cdb6bd5f10 code [0x000002cdb6bd60a0, 0x000002cdb6bd61a8]
Event: 8.468 Thread 0x000002ce11002090 5005       3       org.lombokweb.asm.MethodWriter::visitMaxs (60 bytes)
Event: 8.468 Thread 0x000002ce11002090 nmethod 5005 0x000002cdb7523a90 code [0x000002cdb7523c60, 0x000002cdb7523f18]
Event: 8.474 Thread 0x000002ce11002090 5006       3       lombok.patcher.MethodLogistics::loadOpcodeFor (145 bytes)
Event: 8.475 Thread 0x000002ce11002090 nmethod 5006 0x000002cdb7524010 code [0x000002cdb75242c0, 0x000002cdb7524f38]
Event: 8.479 Thread 0x000002ce11002090 5007       3       lombok.patcher.MethodLogistics::generateLoadOpcodeForParam (37 bytes)
Event: 8.479 Thread 0x000002ce11002090 nmethod 5007 0x000002cdb7525410 code [0x000002cdb7525600, 0x000002cdb7525bb8]
Event: 8.493 Thread 0x000002ce11002090 5008       3       org.lombokweb.asm.Handler::putExceptionTable (63 bytes)
Event: 8.494 Thread 0x000002ce11002090 nmethod 5008 0x000002cdb7525d90 code [0x000002cdb7525fa0, 0x000002cdb75263e0]
Event: 8.497 Thread 0x000002ce11002090 5009       3       org.lombokweb.asm.MethodWriter::visitIntInsn (113 bytes)
Event: 8.498 Thread 0x000002ce11002090 nmethod 5009 0x000002cdb7526690 code [0x000002cdb7526880, 0x000002cdb7526cd0]
Event: 8.498 Thread 0x000002ce11002090 5010       3       org.lombokweb.asm.MethodVisitor::visitIntInsn (17 bytes)
Event: 8.498 Thread 0x000002ce11002090 nmethod 5010 0x000002cdb7526e10 code [0x000002cdb7526fc0, 0x000002cdb75271c8]

GC Heap History (20 events):
Event: 5.840 GC heap before
{Heap before GC invocations=14 (full 1):
 PSYoungGen      total 23552K, used 23522K [0x00000000d5580000, 0x00000000d7500000, 0x0000000100000000)
  eden space 20992K, 100% used [0x00000000d5580000,0x00000000d6a00000,0x00000000d6a00000)
  from space 2560K, 98% used [0x00000000d6f00000,0x00000000d7178860,0x00000000d7180000)
  to   space 5120K, 0% used [0x00000000d6a00000,0x00000000d6a00000,0x00000000d6f00000)
 ParOldGen       total 68608K, used 17835K [0x0000000080000000, 0x0000000084300000, 0x00000000d5580000)
  object space 68608K, 25% used [0x0000000080000000,0x000000008116ae70,0x0000000084300000)
 Metaspace       used 32188K, committed 33152K, reserved 1114112K
  class space    used 3279K, committed 3712K, reserved 1048576K
}
Event: 5.846 GC heap after
{Heap after GC invocations=14 (full 1):
 PSYoungGen      total 23552K, used 2080K [0x00000000d5580000, 0x00000000d7000000, 0x0000000100000000)
  eden space 20992K, 0% used [0x00000000d5580000,0x00000000d5580000,0x00000000d6a00000)
  from space 2560K, 81% used [0x00000000d6a00000,0x00000000d6c08000,0x00000000d6c80000)
  to   space 3072K, 0% used [0x00000000d6d00000,0x00000000d6d00000,0x00000000d7000000)
 ParOldGen       total 68608K, used 20273K [0x0000000080000000, 0x0000000084300000, 0x00000000d5580000)
  object space 68608K, 29% used [0x0000000080000000,0x00000000813cc718,0x0000000084300000)
 Metaspace       used 32188K, committed 33152K, reserved 1114112K
  class space    used 3279K, committed 3712K, reserved 1048576K
}
Event: 5.893 GC heap before
{Heap before GC invocations=15 (full 1):
 PSYoungGen      total 23552K, used 23072K [0x00000000d5580000, 0x00000000d7000000, 0x0000000100000000)
  eden space 20992K, 100% used [0x00000000d5580000,0x00000000d6a00000,0x00000000d6a00000)
  from space 2560K, 81% used [0x00000000d6a00000,0x00000000d6c08000,0x00000000d6c80000)
  to   space 3072K, 0% used [0x00000000d6d00000,0x00000000d6d00000,0x00000000d7000000)
 ParOldGen       total 68608K, used 20273K [0x0000000080000000, 0x0000000084300000, 0x00000000d5580000)
  object space 68608K, 29% used [0x0000000080000000,0x00000000813cc718,0x0000000084300000)
 Metaspace       used 32200K, committed 33152K, reserved 1114112K
  class space    used 3279K, committed 3712K, reserved 1048576K
}
Event: 5.898 GC heap after
{Heap after GC invocations=15 (full 1):
 PSYoungGen      total 23552K, used 2052K [0x00000000d5580000, 0x00000000d6f80000, 0x0000000100000000)
  eden space 20992K, 0% used [0x00000000d5580000,0x00000000d5580000,0x00000000d6a00000)
  from space 2560K, 80% used [0x00000000d6d00000,0x00000000d6f01000,0x00000000d6f80000)
  to   space 2560K, 0% used [0x00000000d6a00000,0x00000000d6a00000,0x00000000d6c80000)
 ParOldGen       total 68608K, used 22216K [0x0000000080000000, 0x0000000084300000, 0x00000000d5580000)
  object space 68608K, 32% used [0x0000000080000000,0x00000000815b20e0,0x0000000084300000)
 Metaspace       used 32200K, committed 33152K, reserved 1114112K
  class space    used 3279K, committed 3712K, reserved 1048576K
}
Event: 5.967 GC heap before
{Heap before GC invocations=16 (full 1):
 PSYoungGen      total 23552K, used 23044K [0x00000000d5580000, 0x00000000d6f80000, 0x0000000100000000)
  eden space 20992K, 100% used [0x00000000d5580000,0x00000000d6a00000,0x00000000d6a00000)
  from space 2560K, 80% used [0x00000000d6d00000,0x00000000d6f01000,0x00000000d6f80000)
  to   space 2560K, 0% used [0x00000000d6a00000,0x00000000d6a00000,0x00000000d6c80000)
 ParOldGen       total 68608K, used 22216K [0x0000000080000000, 0x0000000084300000, 0x00000000d5580000)
  object space 68608K, 32% used [0x0000000080000000,0x00000000815b20e0,0x0000000084300000)
 Metaspace       used 32289K, committed 33280K, reserved 1114112K
  class space    used 3282K, committed 3712K, reserved 1048576K
}
Event: 5.972 GC heap after
{Heap after GC invocations=16 (full 1):
 PSYoungGen      total 23552K, used 2144K [0x00000000d5580000, 0x00000000d6f00000, 0x0000000100000000)
  eden space 20992K, 0% used [0x00000000d5580000,0x00000000d5580000,0x00000000d6a00000)
  from space 2560K, 83% used [0x00000000d6a00000,0x00000000d6c18010,0x00000000d6c80000)
  to   space 2560K, 0% used [0x00000000d6c80000,0x00000000d6c80000,0x00000000d6f00000)
 ParOldGen       total 68608K, used 24209K [0x0000000080000000, 0x0000000084300000, 0x00000000d5580000)
  object space 68608K, 35% used [0x0000000080000000,0x00000000817a4728,0x0000000084300000)
 Metaspace       used 32289K, committed 33280K, reserved 1114112K
  class space    used 3282K, committed 3712K, reserved 1048576K
}
Event: 6.049 GC heap before
{Heap before GC invocations=17 (full 1):
 PSYoungGen      total 23552K, used 23136K [0x00000000d5580000, 0x00000000d6f00000, 0x0000000100000000)
  eden space 20992K, 100% used [0x00000000d5580000,0x00000000d6a00000,0x00000000d6a00000)
  from space 2560K, 83% used [0x00000000d6a00000,0x00000000d6c18010,0x00000000d6c80000)
  to   space 2560K, 0% used [0x00000000d6c80000,0x00000000d6c80000,0x00000000d6f00000)
 ParOldGen       total 68608K, used 24209K [0x0000000080000000, 0x0000000084300000, 0x00000000d5580000)
  object space 68608K, 35% used [0x0000000080000000,0x00000000817a4728,0x0000000084300000)
 Metaspace       used 32413K, committed 33408K, reserved 1114112K
  class space    used 3283K, committed 3712K, reserved 1048576K
}
Event: 6.054 GC heap after
{Heap after GC invocations=17 (full 1):
 PSYoungGen      total 23040K, used 1952K [0x00000000d5580000, 0x00000000d6e80000, 0x0000000100000000)
  eden space 20992K, 0% used [0x00000000d5580000,0x00000000d5580000,0x00000000d6a00000)
  from space 2048K, 95% used [0x00000000d6c80000,0x00000000d6e68000,0x00000000d6e80000)
  to   space 2048K, 0% used [0x00000000d6a80000,0x00000000d6a80000,0x00000000d6c80000)
 ParOldGen       total 68608K, used 26249K [0x0000000080000000, 0x0000000084300000, 0x00000000d5580000)
  object space 68608K, 38% used [0x0000000080000000,0x00000000819a2738,0x0000000084300000)
 Metaspace       used 32413K, committed 33408K, reserved 1114112K
  class space    used 3283K, committed 3712K, reserved 1048576K
}
Event: 6.295 GC heap before
{Heap before GC invocations=18 (full 1):
 PSYoungGen      total 23040K, used 22944K [0x00000000d5580000, 0x00000000d6e80000, 0x0000000100000000)
  eden space 20992K, 100% used [0x00000000d5580000,0x00000000d6a00000,0x00000000d6a00000)
  from space 2048K, 95% used [0x00000000d6c80000,0x00000000d6e68000,0x00000000d6e80000)
  to   space 2048K, 0% used [0x00000000d6a80000,0x00000000d6a80000,0x00000000d6c80000)
 ParOldGen       total 68608K, used 26249K [0x0000000080000000, 0x0000000084300000, 0x00000000d5580000)
  object space 68608K, 38% used [0x0000000080000000,0x00000000819a2738,0x0000000084300000)
 Metaspace       used 33897K, committed 34944K, reserved 1114112K
  class space    used 3472K, committed 3904K, reserved 1048576K
}
Event: 6.299 GC heap after
{Heap after GC invocations=18 (full 1):
 PSYoungGen      total 22528K, used 1413K [0x00000000d5580000, 0x00000000d6e00000, 0x0000000100000000)
  eden space 20992K, 0% used [0x00000000d5580000,0x00000000d5580000,0x00000000d6a00000)
  from space 1536K, 92% used [0x00000000d6a80000,0x00000000d6be1558,0x00000000d6c00000)
  to   space 2048K, 0% used [0x00000000d6c00000,0x00000000d6c00000,0x00000000d6e00000)
 ParOldGen       total 68608K, used 28074K [0x0000000080000000, 0x0000000084300000, 0x00000000d5580000)
  object space 68608K, 40% used [0x0000000080000000,0x0000000081b6a938,0x0000000084300000)
 Metaspace       used 33897K, committed 34944K, reserved 1114112K
  class space    used 3472K, committed 3904K, reserved 1048576K
}
Event: 6.384 GC heap before
{Heap before GC invocations=19 (full 1):
 PSYoungGen      total 22528K, used 6130K [0x00000000d5580000, 0x00000000d6e00000, 0x0000000100000000)
  eden space 20992K, 22% used [0x00000000d5580000,0x00000000d5a1b338,0x00000000d6a00000)
  from space 1536K, 92% used [0x00000000d6a80000,0x00000000d6be1558,0x00000000d6c00000)
  to   space 2048K, 0% used [0x00000000d6c00000,0x00000000d6c00000,0x00000000d6e00000)
 ParOldGen       total 68608K, used 28074K [0x0000000080000000, 0x0000000084300000, 0x00000000d5580000)
  object space 68608K, 40% used [0x0000000080000000,0x0000000081b6a938,0x0000000084300000)
 Metaspace       used 34761K, committed 35840K, reserved 1114112K
  class space    used 3554K, committed 4032K, reserved 1048576K
}
Event: 6.387 GC heap after
{Heap after GC invocations=19 (full 1):
 PSYoungGen      total 22528K, used 1165K [0x00000000d5580000, 0x00000000d6d80000, 0x0000000100000000)
  eden space 20992K, 0% used [0x00000000d5580000,0x00000000d5580000,0x00000000d6a00000)
  from space 1536K, 75% used [0x00000000d6c00000,0x00000000d6d23510,0x00000000d6d80000)
  to   space 1536K, 0% used [0x00000000d6a80000,0x00000000d6a80000,0x00000000d6c00000)
 ParOldGen       total 68608K, used 29369K [0x0000000080000000, 0x0000000084300000, 0x00000000d5580000)
  object space 68608K, 42% used [0x0000000080000000,0x0000000081cae7d8,0x0000000084300000)
 Metaspace       used 34761K, committed 35840K, reserved 1114112K
  class space    used 3554K, committed 4032K, reserved 1048576K
}
Event: 6.387 GC heap before
{Heap before GC invocations=20 (full 2):
 PSYoungGen      total 22528K, used 1165K [0x00000000d5580000, 0x00000000d6d80000, 0x0000000100000000)
  eden space 20992K, 0% used [0x00000000d5580000,0x00000000d5580000,0x00000000d6a00000)
  from space 1536K, 75% used [0x00000000d6c00000,0x00000000d6d23510,0x00000000d6d80000)
  to   space 1536K, 0% used [0x00000000d6a80000,0x00000000d6a80000,0x00000000d6c00000)
 ParOldGen       total 68608K, used 29369K [0x0000000080000000, 0x0000000084300000, 0x00000000d5580000)
  object space 68608K, 42% used [0x0000000080000000,0x0000000081cae7d8,0x0000000084300000)
 Metaspace       used 34761K, committed 35840K, reserved 1114112K
  class space    used 3554K, committed 4032K, reserved 1048576K
}
Event: 6.440 GC heap after
{Heap after GC invocations=20 (full 2):
 PSYoungGen      total 22528K, used 0K [0x00000000d5580000, 0x00000000d6d80000, 0x0000000100000000)
  eden space 20992K, 0% used [0x00000000d5580000,0x00000000d5580000,0x00000000d6a00000)
  from space 1536K, 0% used [0x00000000d6c00000,0x00000000d6c00000,0x00000000d6d80000)
  to   space 1536K, 0% used [0x00000000d6a80000,0x00000000d6a80000,0x00000000d6c00000)
 ParOldGen       total 68608K, used 27899K [0x0000000080000000, 0x0000000084300000, 0x00000000d5580000)
  object space 68608K, 40% used [0x0000000080000000,0x0000000081b3ec40,0x0000000084300000)
 Metaspace       used 34697K, committed 35840K, reserved 1114112K
  class space    used 3536K, committed 4032K, reserved 1048576K
}
Event: 7.068 GC heap before
{Heap before GC invocations=21 (full 2):
 PSYoungGen      total 22528K, used 20992K [0x00000000d5580000, 0x00000000d6d80000, 0x0000000100000000)
  eden space 20992K, 100% used [0x00000000d5580000,0x00000000d6a00000,0x00000000d6a00000)
  from space 1536K, 0% used [0x00000000d6c00000,0x00000000d6c00000,0x00000000d6d80000)
  to   space 1536K, 0% used [0x00000000d6a80000,0x00000000d6a80000,0x00000000d6c00000)
 ParOldGen       total 68608K, used 27899K [0x0000000080000000, 0x0000000084300000, 0x00000000d5580000)
  object space 68608K, 40% used [0x0000000080000000,0x0000000081b3ec40,0x0000000084300000)
 Metaspace       used 36346K, committed 37312K, reserved 1114112K
  class space    used 3707K, committed 4096K, reserved 1048576K
}
Event: 7.069 GC heap after
{Heap after GC invocations=21 (full 2):
 PSYoungGen      total 22016K, used 744K [0x00000000d5580000, 0x00000000d6c80000, 0x0000000100000000)
  eden space 20992K, 0% used [0x00000000d5580000,0x00000000d5580000,0x00000000d6a00000)
  from space 1024K, 72% used [0x00000000d6a80000,0x00000000d6b3a030,0x00000000d6b80000)
  to   space 1024K, 0% used [0x00000000d6b80000,0x00000000d6b80000,0x00000000d6c80000)
 ParOldGen       total 68608K, used 27907K [0x0000000080000000, 0x0000000084300000, 0x00000000d5580000)
  object space 68608K, 40% used [0x0000000080000000,0x0000000081b40c40,0x0000000084300000)
 Metaspace       used 36346K, committed 37312K, reserved 1114112K
  class space    used 3707K, committed 4096K, reserved 1048576K
}
Event: 8.233 GC heap before
{Heap before GC invocations=22 (full 2):
 PSYoungGen      total 22016K, used 21696K [0x00000000d5580000, 0x00000000d6c80000, 0x0000000100000000)
  eden space 20992K, 99% used [0x00000000d5580000,0x00000000d69f63b8,0x00000000d6a00000)
  from space 1024K, 72% used [0x00000000d6a80000,0x00000000d6b3a030,0x00000000d6b80000)
  to   space 1024K, 0% used [0x00000000d6b80000,0x00000000d6b80000,0x00000000d6c80000)
 ParOldGen       total 68608K, used 27907K [0x0000000080000000, 0x0000000084300000, 0x00000000d5580000)
  object space 68608K, 40% used [0x0000000080000000,0x0000000081b40c40,0x0000000084300000)
 Metaspace       used 38154K, committed 39168K, reserved 1114112K
  class space    used 3896K, committed 4352K, reserved 1048576K
}
Event: 8.235 GC heap after
{Heap after GC invocations=22 (full 2):
 PSYoungGen      total 22016K, used 663K [0x00000000d5580000, 0x00000000d6c80000, 0x0000000100000000)
  eden space 20992K, 0% used [0x00000000d5580000,0x00000000d5580000,0x00000000d6a00000)
  from space 1024K, 64% used [0x00000000d6b80000,0x00000000d6c25df8,0x00000000d6c80000)
  to   space 1024K, 0% used [0x00000000d6a80000,0x00000000d6a80000,0x00000000d6b80000)
 ParOldGen       total 68608K, used 28355K [0x0000000080000000, 0x0000000084300000, 0x00000000d5580000)
  object space 68608K, 41% used [0x0000000080000000,0x0000000081bb0c60,0x0000000084300000)
 Metaspace       used 38154K, committed 39168K, reserved 1114112K
  class space    used 3896K, committed 4352K, reserved 1048576K
}
Event: 8.443 GC heap before
{Heap before GC invocations=23 (full 2):
 PSYoungGen      total 22016K, used 21655K [0x00000000d5580000, 0x00000000d6c80000, 0x0000000100000000)
  eden space 20992K, 100% used [0x00000000d5580000,0x00000000d6a00000,0x00000000d6a00000)
  from space 1024K, 64% used [0x00000000d6b80000,0x00000000d6c25df8,0x00000000d6c80000)
  to   space 1024K, 0% used [0x00000000d6a80000,0x00000000d6a80000,0x00000000d6b80000)
 ParOldGen       total 68608K, used 28355K [0x0000000080000000, 0x0000000084300000, 0x00000000d5580000)
  object space 68608K, 41% used [0x0000000080000000,0x0000000081bb0c60,0x0000000084300000)
 Metaspace       used 38995K, committed 40000K, reserved 1114112K
  class space    used 3947K, committed 4352K, reserved 1048576K
}
Event: 8.447 GC heap after
{Heap after GC invocations=23 (full 2):
 PSYoungGen      total 22016K, used 1008K [0x00000000d5580000, 0x00000000d6f00000, 0x0000000100000000)
  eden space 20992K, 0% used [0x00000000d5580000,0x00000000d5580000,0x00000000d6a00000)
  from space 1024K, 98% used [0x00000000d6a80000,0x00000000d6b7c310,0x00000000d6b80000)
  to   space 2560K, 0% used [0x00000000d6c80000,0x00000000d6c80000,0x00000000d6f00000)
 ParOldGen       total 68608K, used 29533K [0x0000000080000000, 0x0000000084300000, 0x00000000d5580000)
  object space 68608K, 43% used [0x0000000080000000,0x0000000081cd7768,0x0000000084300000)
 Metaspace       used 38995K, committed 40000K, reserved 1114112K
  class space    used 3947K, committed 4352K, reserved 1048576K
}

Dll operation events (10 events):
Event: 0.008 Loaded shared library c:\Users\vidhu\.vscode\extensions\redhat.java-1.50.0-win32-x64\jre\21.0.9-win32-x86_64\bin\java.dll
Event: 0.076 Loaded shared library c:\Users\vidhu\.vscode\extensions\redhat.java-1.50.0-win32-x64\jre\21.0.9-win32-x86_64\bin\zip.dll
Event: 0.100 Loaded shared library C:\Users\vidhu\.vscode\extensions\redhat.java-1.50.0-win32-x64\jre\21.0.9-win32-x86_64\bin\instrument.dll
Event: 0.106 Loaded shared library C:\Users\vidhu\.vscode\extensions\redhat.java-1.50.0-win32-x64\jre\21.0.9-win32-x86_64\bin\net.dll
Event: 0.111 Loaded shared library C:\Users\vidhu\.vscode\extensions\redhat.java-1.50.0-win32-x64\jre\21.0.9-win32-x86_64\bin\nio.dll
Event: 0.116 Loaded shared library C:\Users\vidhu\.vscode\extensions\redhat.java-1.50.0-win32-x64\jre\21.0.9-win32-x86_64\bin\zip.dll
Event: 0.136 Loaded shared library C:\Users\vidhu\.vscode\extensions\redhat.java-1.50.0-win32-x64\jre\21.0.9-win32-x86_64\bin\jimage.dll
Event: 0.242 Loaded shared library c:\Users\vidhu\.vscode\extensions\redhat.java-1.50.0-win32-x64\jre\21.0.9-win32-x86_64\bin\verify.dll
Event: 1.943 Loaded shared library C:\Users\vidhu\AppData\Roaming\Code\User\globalStorage\redhat.java\1.50.0\config_ss_win\org.eclipse.equinox.launcher\org.eclipse.equinox.launcher.win32.win32.x86_64_1.2.1400.v20250801-0854\eclipse_11916.dll
Event: 3.258 Loaded shared library C:\Users\vidhu\AppData\Local\Temp\jna-112202974\jna2739730017870572656.dll

Deoptimization events (20 events):
Event: 8.399 Thread 0x000002ce11fbf270 DEOPT PACKING pc=0x000002cdb70e25b3 sp=0x000000d119ffb950
Event: 8.399 Thread 0x000002ce11fbf270 DEOPT UNPACKING pc=0x000002cdbe134242 sp=0x000000d119ffae80 mode 0
Event: 8.407 Thread 0x000002ce11fbf270 DEOPT PACKING pc=0x000002cdb70e25b3 sp=0x000000d119ffb950
Event: 8.407 Thread 0x000002ce11fbf270 DEOPT UNPACKING pc=0x000002cdbe134242 sp=0x000000d119ffae80 mode 0
Event: 8.415 Thread 0x000002ce11fbf270 Uncommon trap: trap_request=0xffffffde fr.pc=0x000002cdbe7edbf4 relative=0x00000000000083d4
Event: 8.415 Thread 0x000002ce11fbf270 Uncommon trap: reason=class_check action=maybe_recompile pc=0x000002cdbe7edbf4 method=lombok.patcher.PatchScript$MethodPatcher.visitMethod(ILjava/lang/String;Ljava/lang/String;Ljava/lang/String;[Ljava/lang/String;)Lorg/lombokweb/asm/MethodVisitor; @ 101 c
Event: 8.415 Thread 0x000002ce11fbf270 DEOPT PACKING pc=0x000002cdbe7edbf4 sp=0x000000d119ffb7f0
Event: 8.415 Thread 0x000002ce11fbf270 DEOPT UNPACKING pc=0x000002cdbe133aa2 sp=0x000000d119ffb798 mode 2
Event: 8.415 Thread 0x000002ce11fbf270 Uncommon trap: trap_request=0xffffffde fr.pc=0x000002cdbe7edbf4 relative=0x00000000000083d4
Event: 8.415 Thread 0x000002ce11fbf270 Uncommon trap: reason=class_check action=maybe_recompile pc=0x000002cdbe7edbf4 method=lombok.patcher.PatchScript$MethodPatcher.visitMethod(ILjava/lang/String;Ljava/lang/String;Ljava/lang/String;[Ljava/lang/String;)Lorg/lombokweb/asm/MethodVisitor; @ 101 c
Event: 8.415 Thread 0x000002ce11fbf270 DEOPT PACKING pc=0x000002cdbe7edbf4 sp=0x000000d119ffb7f0
Event: 8.415 Thread 0x000002ce11fbf270 DEOPT UNPACKING pc=0x000002cdbe133aa2 sp=0x000000d119ffb798 mode 2
Event: 8.415 Thread 0x000002ce11fbf270 Uncommon trap: trap_request=0xffffffde fr.pc=0x000002cdbe7edbf4 relative=0x00000000000083d4
Event: 8.415 Thread 0x000002ce11fbf270 Uncommon trap: reason=class_check action=maybe_recompile pc=0x000002cdbe7edbf4 method=lombok.patcher.PatchScript$MethodPatcher.visitMethod(ILjava/lang/String;Ljava/lang/String;Ljava/lang/String;[Ljava/lang/String;)Lorg/lombokweb/asm/MethodVisitor; @ 101 c
Event: 8.415 Thread 0x000002ce11fbf270 DEOPT PACKING pc=0x000002cdbe7edbf4 sp=0x000000d119ffb7f0
Event: 8.415 Thread 0x000002ce11fbf270 DEOPT UNPACKING pc=0x000002cdbe133aa2 sp=0x000000d119ffb798 mode 2
Event: 8.415 Thread 0x000002ce11fbf270 Uncommon trap: trap_request=0xffffffde fr.pc=0x000002cdbe7edbf4 relative=0x00000000000083d4
Event: 8.415 Thread 0x000002ce11fbf270 Uncommon trap: reason=class_check action=maybe_recompile pc=0x000002cdbe7edbf4 method=lombok.patcher.PatchScript$MethodPatcher.visitMethod(ILjava/lang/String;Ljava/lang/String;Ljava/lang/String;[Ljava/lang/String;)Lorg/lombokweb/asm/MethodVisitor; @ 101 c
Event: 8.415 Thread 0x000002ce11fbf270 DEOPT PACKING pc=0x000002cdbe7edbf4 sp=0x000000d119ffb7f0
Event: 8.415 Thread 0x000002ce11fbf270 DEOPT UNPACKING pc=0x000002cdbe133aa2 sp=0x000000d119ffb798 mode 2

Classes loaded (20 events):
Event: 6.493 Loading class java/util/zip/CheckedInputStream
Event: 6.504 Loading class java/util/zip/CheckedInputStream done
Event: 6.665 Loading class java/util/Hashtable$ValueCollection
Event: 6.667 Loading class java/util/Hashtable$ValueCollection done
Event: 6.672 Loading class java/util/AbstractList$RandomAccessSubList
Event: 6.672 Loading class java/util/AbstractList$SubList
Event: 6.672 Loading class java/util/AbstractList$SubList done
Event: 6.672 Loading class java/util/AbstractList$RandomAccessSubList done
Event: 6.672 Loading class java/util/AbstractList$SubList$1
Event: 6.672 Loading class java/util/AbstractList$SubList$1 done
Event: 6.886 Loading class java/util/Vector$1
Event: 6.886 Loading class java/util/Vector$1 done
Event: 7.351 Loading class java/util/regex/Pattern$Caret
Event: 7.351 Loading class java/util/regex/Pattern$Caret done
Event: 7.753 Loading class java/util/regex/PatternSyntaxException
Event: 7.753 Loading class java/util/regex/PatternSyntaxException done
Event: 8.276 Loading class java/lang/UnsupportedClassVersionError
Event: 8.276 Loading class java/lang/UnsupportedClassVersionError done
Event: 8.276 Loading class java/io/FileReader
Event: 8.276 Loading class java/io/FileReader done

Classes unloaded (20 events):
Event: 6.398 Thread 0x000002cdb3a53bd0 Unloading class 0x000002cdcc38e000 'java/lang/invoke/LambdaForm$MH+0x000002cdcc38e000'
Event: 6.398 Thread 0x000002cdb3a53bd0 Unloading class 0x000002cdcc38dc00 'java/lang/invoke/LambdaForm$MH+0x000002cdcc38dc00'
Event: 6.398 Thread 0x000002cdb3a53bd0 Unloading class 0x000002cdcc38a800 'java/lang/invoke/LambdaForm$MH+0x000002cdcc38a800'
Event: 6.398 Thread 0x000002cdb3a53bd0 Unloading class 0x000002cdcc38a000 'java/lang/invoke/LambdaForm$MH+0x000002cdcc38a000'
Event: 6.398 Thread 0x000002cdb3a53bd0 Unloading class 0x000002cdcc389c00 'java/lang/invoke/LambdaForm$MH+0x000002cdcc389c00'
Event: 6.398 Thread 0x000002cdb3a53bd0 Unloading class 0x000002cdcc389400 'java/lang/invoke/LambdaForm$MH+0x000002cdcc389400'
Event: 6.398 Thread 0x000002cdb3a53bd0 Unloading class 0x000002cdcc389000 'java/lang/invoke/LambdaForm$MH+0x000002cdcc389000'
Event: 6.398 Thread 0x000002cdb3a53bd0 Unloading class 0x000002cdcc388800 'java/lang/invoke/LambdaForm$MH+0x000002cdcc388800'
Event: 6.398 Thread 0x000002cdb3a53bd0 Unloading class 0x000002cdcc388000 'java/lang/invoke/LambdaForm$MH+0x000002cdcc388000'
Event: 6.398 Thread 0x000002cdb3a53bd0 Unloading class 0x000002cdcc387c00 'java/lang/invoke/LambdaForm$MH+0x000002cdcc387c00'
Event: 6.398 Thread 0x000002cdb3a53bd0 Unloading class 0x000002cdcc387400 'java/lang/invoke/LambdaForm$MH+0x000002cdcc387400'
Event: 6.398 Thread 0x000002cdb3a53bd0 Unloading class 0x000002cdcc387000 'java/lang/invoke/LambdaForm$MH+0x000002cdcc387000'
Event: 6.398 Thread 0x000002cdb3a53bd0 Unloading class 0x000002cdcc386400 'java/lang/invoke/LambdaForm$MH+0x000002cdcc386400'
Event: 6.398 Thread 0x000002cdb3a53bd0 Unloading class 0x000002cdcc386800 'java/lang/invoke/LambdaForm$MH+0x000002cdcc386800'
Event: 6.398 Thread 0x000002cdb3a53bd0 Unloading class 0x000002cdcc385c00 'java/lang/invoke/LambdaForm$MH+0x000002cdcc385c00'
Event: 6.398 Thread 0x000002cdb3a53bd0 Unloading class 0x000002cdcc385800 'java/lang/invoke/LambdaForm$MH+0x000002cdcc385800'
Event: 6.398 Thread 0x000002cdb3a53bd0 Unloading class 0x000002cdcc385400 'java/lang/invoke/LambdaForm$MH+0x000002cdcc385400'
Event: 6.398 Thread 0x000002cdb3a53bd0 Unloading class 0x000002cdcc385000 'java/lang/invoke/LambdaForm$MH+0x000002cdcc385000'
Event: 6.398 Thread 0x000002cdb3a53bd0 Unloading class 0x000002cdcc384000 'java/lang/invoke/LambdaForm$DMH+0x000002cdcc384000'
Event: 6.398 Thread 0x000002cdb3a53bd0 Unloading class 0x000002cdcc384400 'java/lang/invoke/LambdaForm$DMH+0x000002cdcc384400'

Classes redefined (0 events):
No events

Internal exceptions (20 events):
Event: 5.687 Thread 0x000002ce11fbd830 Exception <a 'java/lang/NoSuchMethodError'{0x00000000d5b1a8b8}: 'int java.lang.invoke.Invokers$Holder.linkToTargetMethod(java.lang.Object, java.lang.Object, java.lang.Object)'> (0x00000000d5b1a8b8) 
thrown [s\src\hotspot\share\interpreter\linkResolver.cpp, line 773]
Event: 6.320 Thread 0x000002ce11fbd830 Exception <a 'java/io/FileNotFoundException'{0x00000000d562e468}> (0x00000000d562e468) 
thrown [s\src\hotspot\share\prims\jni.cpp, line 520]
Event: 6.321 Thread 0x000002ce11fbd830 Exception <a 'java/io/FileNotFoundException'{0x00000000d562f708}> (0x00000000d562f708) 
thrown [s\src\hotspot\share\prims\jni.cpp, line 520]
Event: 6.321 Thread 0x000002ce11fbd830 Exception <a 'java/io/FileNotFoundException'{0x00000000d5630720}> (0x00000000d5630720) 
thrown [s\src\hotspot\share\prims\jni.cpp, line 520]
Event: 6.370 Thread 0x000002ce11fbdec0 Exception <a 'java/lang/LinkageError'{0x00000000d59563f8}: loader lombok.launch.ShadowClassLoader @3e72d6a4 attempted duplicate class definition for lombok.launch.PatchFixesHider$Transform. (lombok.launch.PatchFixesHider$Transform is in unnamed module of loader lombok.launch.ShadowClassLoader @3e72d6a4, parent loader org.eclipse.osgi.internal.loader.EquinoxClassLoader @4fb7a098)> (0x00000000d59563f8) 
thrown [s\src\hotspot\share\classfile\systemDictionary.cpp, line 1682]
Event: 6.374 Thread 0x000002ce11fbd830 Exception <a 'java/lang/LinkageError'{0x00000000d59865c8}: loader lombok.launch.ShadowClassLoader @3e72d6a4 attempted duplicate class definition for lombok.launch.PatchFixesHider$Transform. (lombok.launch.PatchFixesHider$Transform is in unnamed module of loader lombok.launch.ShadowClassLoader @3e72d6a4, parent loader org.eclipse.osgi.internal.loader.EquinoxClassLoader @4fb7a098)> (0x00000000d59865c8) 
thrown [s\src\hotspot\share\classfile\systemDictionary.cpp, line 1682]
Event: 6.463 Thread 0x000002ce11fbc480 Exception <a 'java/io/FileNotFoundException'{0x00000000d55e4818}> (0x00000000d55e4818) 
thrown [s\src\hotspot\share\prims\jni.cpp, line 520]
Event: 6.463 Thread 0x000002ce11fbc480 Exception <a 'java/io/FileNotFoundException'{0x00000000d55e5818}> (0x00000000d55e5818) 
thrown [s\src\hotspot\share\prims\jni.cpp, line 520]
Event: 6.464 Thread 0x000002ce11fbc480 Exception <a 'java/io/FileNotFoundException'{0x00000000d55e7238}> (0x00000000d55e7238) 
thrown [s\src\hotspot\share\prims\jni.cpp, line 520]
Event: 6.464 Thread 0x000002ce11fbc480 Exception <a 'java/io/FileNotFoundException'{0x00000000d55e84e8}> (0x00000000d55e84e8) 
thrown [s\src\hotspot\share\prims\jni.cpp, line 520]
Event: 6.465 Thread 0x000002ce11fbc480 Exception <a 'java/io/FileNotFoundException'{0x00000000d55e9770}> (0x00000000d55e9770) 
thrown [s\src\hotspot\share\prims\jni.cpp, line 520]
Event: 7.277 Thread 0x000002ce11fbf270 Implicit null exception at 0x000002cdbe70021d to 0x000002cdbe700d00
Event: 7.518 Thread 0x000002ce11fbf270 Exception <a 'java/lang/NoSuchMethodError'{0x00000000d64079e8}: 'java.lang.Object java.lang.invoke.DirectMethodHandle$Holder.invokeSpecial(java.lang.Object, java.lang.Object, java.lang.Object, java.lang.Object, int, java.lang.Object, java.lang.Object)'> (0x00000000d64079e8) 
thrown [s\src\hotspot\share\interpreter\linkResolver.cpp, line 773]
Event: 7.806 Thread 0x000002ce11fbd830 Exception <a 'java/lang/IncompatibleClassChangeError'{0x00000000d6960b68}: Found class java.lang.Object, but interface was expected> (0x00000000d6960b68) 
thrown [s\src\hotspot\share\interpreter\linkResolver.cpp, line 840]
Event: 7.812 Thread 0x000002ce11fbd830 Exception <a 'java/lang/IncompatibleClassChangeError'{0x00000000d69704b0}: Found class java.lang.Object, but interface was expected> (0x00000000d69704b0) 
thrown [s\src\hotspot\share\interpreter\linkResolver.cpp, line 840]
Event: 8.229 Thread 0x000002ce11fbc480 Exception <a 'java/lang/NoSuchMethodError'{0x00000000d69af9d0}: 'java.lang.Object java.lang.invoke.DirectMethodHandle$Holder.invokeSpecial(java.lang.Object, java.lang.Object, int, long)'> (0x00000000d69af9d0) 
thrown [s\src\hotspot\share\interpreter\linkResolver.cpp, line 773]
Event: 8.248 Thread 0x000002ce11fbdec0 Exception <a 'java/lang/ArrayIndexOutOfBoundsException'{0x00000000d56b3360}: Index 675 out of bounds for length 674> (0x00000000d56b3360) 
thrown [s\src\hotspot\share\interpreter\interpreterRuntime.cpp, line 439]
Event: 8.301 Thread 0x000002ce11fbf270 Exception <a 'java/lang/NoSuchMethodError'{0x00000000d585dec8}: 'int java.lang.invoke.Invokers$Holder.invokeExact_MT(java.lang.Object, java.lang.Object)'> (0x00000000d585dec8) 
thrown [s\src\hotspot\share\interpreter\linkResolver.cpp, line 773]
Event: 8.362 Thread 0x000002ce11fbf270 Exception <a 'java/lang/NoSuchMethodError'{0x00000000d59eb620}: 'int java.lang.invoke.DirectMethodHandle$Holder.invokeInterface(java.lang.Object, java.lang.Object)'> (0x00000000d59eb620) 
thrown [s\src\hotspot\share\interpreter\linkResolver.cpp, line 773]
Event: 8.362 Thread 0x000002ce11fbf270 Exception <a 'java/lang/IncompatibleClassChangeError'{0x00000000d59ee8e0}: Found class java.lang.Object, but interface was expected> (0x00000000d59ee8e0) 
thrown [s\src\hotspot\share\interpreter\linkResolver.cpp, line 840]

ZGC Phase Switch (0 events):
No events

VM Operations (20 events):
Event: 5.967 Executing VM operation: ParallelGCFailedAllocation (Allocation Failure)
Event: 5.973 Executing VM operation: ParallelGCFailedAllocation (Allocation Failure) done
Event: 6.049 Executing VM operation: ParallelGCFailedAllocation (Allocation Failure)
Event: 6.054 Executing VM operation: ParallelGCFailedAllocation (Allocation Failure) done
Event: 6.268 Executing VM operation: HandshakeAllThreads (Deoptimize)
Event: 6.268 Executing VM operation: HandshakeAllThreads (Deoptimize) done
Event: 6.295 Executing VM operation: ParallelGCFailedAllocation (Allocation Failure)
Event: 6.300 Executing VM operation: ParallelGCFailedAllocation (Allocation Failure) done
Event: 6.365 Executing VM operation: HandshakeAllThreads (Deoptimize)
Event: 6.365 Executing VM operation: HandshakeAllThreads (Deoptimize) done
Event: 6.384 Executing VM operation: CollectForMetadataAllocation (Metadata GC Threshold)
Event: 6.440 Executing VM operation: CollectForMetadataAllocation (Metadata GC Threshold) done
Event: 7.068 Executing VM operation: ParallelGCFailedAllocation (Allocation Failure)
Event: 7.069 Executing VM operation: ParallelGCFailedAllocation (Allocation Failure) done
Event: 8.233 Executing VM operation: ParallelGCFailedAllocation (Allocation Failure)
Event: 8.235 Executing VM operation: ParallelGCFailedAllocation (Allocation Failure) done
Event: 8.280 Executing VM operation: HandshakeAllThreads (Deoptimize)
Event: 8.280 Executing VM operation: HandshakeAllThreads (Deoptimize) done
Event: 8.443 Executing VM operation: ParallelGCFailedAllocation (Allocation Failure)
Event: 8.447 Executing VM operation: ParallelGCFailedAllocation (Allocation Failure) done

Memory protections (0 events):
No events

Nmethod flushes (20 events):
Event: 6.408 Thread 0x000002cdb3a53bd0 flushing  nmethod 0x000002cdb6ed2790
Event: 6.408 Thread 0x000002cdb3a53bd0 flushing  nmethod 0x000002cdb6ed5c10
Event: 6.408 Thread 0x000002cdb3a53bd0 flushing  nmethod 0x000002cdb6ee1d90
Event: 6.408 Thread 0x000002cdb3a53bd0 flushing  nmethod 0x000002cdb6efa410
Event: 6.408 Thread 0x000002cdb3a53bd0 flushing  nmethod 0x000002cdb6efa710
Event: 6.408 Thread 0x000002cdb3a53bd0 flushing  nmethod 0x000002cdb6f11090
Event: 6.408 Thread 0x000002cdb3a53bd0 flushing  nmethod 0x000002cdb6f11410
Event: 6.408 Thread 0x000002cdb3a53bd0 flushing  nmethod 0x000002cdb6f8fc90
Event: 6.408 Thread 0x000002cdb3a53bd0 flushing  nmethod 0x000002cdb6fd6090
Event: 6.408 Thread 0x000002cdb3a53bd0 flushing  nmethod 0x000002cdb6fd9c90
Event: 6.408 Thread 0x000002cdb3a53bd0 flushing  nmethod 0x000002cdb700cc90
Event: 6.408 Thread 0x000002cdb3a53bd0 flushing  nmethod 0x000002cdb700d610
Event: 6.408 Thread 0x000002cdb3a53bd0 flushing  nmethod 0x000002cdb7012010
Event: 6.408 Thread 0x000002cdb3a53bd0 flushing  nmethod 0x000002cdb7052410
Event: 6.408 Thread 0x000002cdb3a53bd0 flushing  nmethod 0x000002cdb7055790
Event: 6.408 Thread 0x000002cdb3a53bd0 flushing  nmethod 0x000002cdb7056110
Event: 6.408 Thread 0x000002cdb3a53bd0 flushing  nmethod 0x000002cdb7090210
Event: 6.408 Thread 0x000002cdb3a53bd0 flushing  nmethod 0x000002cdb7090a90
Event: 6.408 Thread 0x000002cdb3a53bd0 flushing  nmethod 0x000002cdb7091810
Event: 6.408 Thread 0x000002cdb3a53bd0 flushing  nmethod 0x000002cdb70aab10

Events (20 events):
Event: 4.767 Thread 0x000002cdb1701d70 Thread added: 0x000002ce11fc2060
Event: 4.767 Thread 0x000002cdb1701d70 Thread added: 0x000002ce11fbb760
Event: 4.767 Thread 0x000002cdb1701d70 Thread added: 0x000002ce11fbbdf0
Event: 4.767 Thread 0x000002cdb1701d70 Thread added: 0x000002ce11fbd1a0
Event: 4.798 Thread 0x000002cdb1701d70 Thread added: 0x000002ce11fbcb10
Event: 4.939 Thread 0x000002ce11fbff90 Thread added: 0x000002ce11fbc480
Event: 5.014 Thread 0x000002cdb1701d70 Thread added: 0x000002ce11fbe550
Event: 5.014 Thread 0x000002cdb1701d70 Thread added: 0x000002ce11fbd830
Event: 5.315 Thread 0x000002ce11fbd830 Thread added: 0x000002ce11fbdec0
Event: 5.320 Thread 0x000002ce122608c0 Thread exited: 0x000002ce122608c0
Event: 5.320 Thread 0x000002ce11fbd830 Thread added: 0x000002ce11fbf270
Event: 5.330 Thread 0x000002ce12b3ac10 Thread exited: 0x000002ce12b3ac10
Event: 5.492 Thread 0x000002ce11002090 Thread added: 0x000002ce122608c0
Event: 5.565 Thread 0x000002ce11002090 Thread added: 0x000002ce13846f60
Event: 6.782 Thread 0x000002ce13846f60 Thread exited: 0x000002ce13846f60
Event: 6.906 Thread 0x000002ce122608c0 Thread exited: 0x000002ce122608c0
Event: 7.754 Thread 0x000002ce11002090 Thread added: 0x000002ce115717f0
Event: 8.220 Thread 0x000002ce115717f0 Thread exited: 0x000002ce115717f0
Event: 8.345 Thread 0x000002ce11002090 Thread added: 0x000002ce115717f0
Event: 8.436 Thread 0x000002cdb3a6e3c0 Thread added: 0x000002ce1461f950


Dynamic libraries:
0x00007ff7d3de0000 - 0x00007ff7d3dee000 	c:\Users\vidhu\.vscode\extensions\redhat.java-1.50.0-win32-x64\jre\21.0.9-win32-x86_64\bin\java.exe
0x00007ffd60790000 - 0x00007ffd609a8000 	C:\WINDOWS\SYSTEM32\ntdll.dll
0x00007ffd5f580000 - 0x00007ffd5f644000 	C:\WINDOWS\System32\KERNEL32.DLL
0x00007ffd5d8d0000 - 0x00007ffd5dca3000 	C:\WINDOWS\System32\KERNELBASE.dll
0x00007ffd5dd30000 - 0x00007ffd5de41000 	C:\WINDOWS\System32\ucrtbase.dll
0x00007ffd4c520000 - 0x00007ffd4c53e000 	c:\Users\vidhu\.vscode\extensions\redhat.java-1.50.0-win32-x64\jre\21.0.9-win32-x86_64\bin\VCRUNTIME140.dll
0x00007ffd4bea0000 - 0x00007ffd4beb8000 	c:\Users\vidhu\.vscode\extensions\redhat.java-1.50.0-win32-x64\jre\21.0.9-win32-x86_64\bin\jli.dll
0x00007ffd5ed30000 - 0x00007ffd5eee2000 	C:\WINDOWS\System32\USER32.dll
0x00007ffd5e400000 - 0x00007ffd5e426000 	C:\WINDOWS\System32\win32u.dll
0x00007ffd5ea60000 - 0x00007ffd5ea89000 	C:\WINDOWS\System32\GDI32.dll
0x00007ffd5df10000 - 0x00007ffd5e02b000 	C:\WINDOWS\System32\gdi32full.dll
0x00007ffd5e220000 - 0x00007ffd5e2ba000 	C:\WINDOWS\System32\msvcp_win.dll
0x00007ffd4bb70000 - 0x00007ffd4be0c000 	C:\WINDOWS\WinSxS\amd64_microsoft.windows.common-controls_6595b64144ccf1df_6.0.22621.6060_none_2712eda17382d24b\COMCTL32.dll
0x00007ffd5f060000 - 0x00007ffd5f107000 	C:\WINDOWS\System32\msvcrt.dll
0x00007ffd5ec50000 - 0x00007ffd5ec81000 	C:\WINDOWS\System32\IMM32.DLL
0x000000006fdd0000 - 0x000000006fddc000 	C:\Program Files (x86)\360\Total Security\safemon\SafeWrapper.dll
0x00007ffd5f110000 - 0x00007ffd5f1c1000 	C:\WINDOWS\System32\ADVAPI32.dll
0x00007ffd5eba0000 - 0x00007ffd5ec48000 	C:\WINDOWS\System32\sechost.dll
0x00007ffd5d8a0000 - 0x00007ffd5d8c8000 	C:\WINDOWS\System32\bcrypt.dll
0x00007ffd5f990000 - 0x00007ffd5faa8000 	C:\WINDOWS\System32\RPCRT4.dll
0x00007ffcf2ef0000 - 0x00007ffcf2f9c000 	C:\Program Files (x86)\360\Total Security\safemon\libzdtp64.dll
0x00007ffd5fce0000 - 0x00007ffd6057c000 	C:\WINDOWS\System32\SHELL32.dll
0x00007ffd5e2c0000 - 0x00007ffd5e3ff000 	C:\WINDOWS\System32\wintypes.dll
0x00007ffd5f1e0000 - 0x00007ffd5f571000 	C:\WINDOWS\System32\combase.dll
0x00007ffd5fc70000 - 0x00007ffd5fcd9000 	C:\WINDOWS\System32\SHLWAPI.dll
0x00007ffd5d410000 - 0x00007ffd5d41a000 	C:\WINDOWS\SYSTEM32\VERSION.dll
0x00007ffd57ad0000 - 0x00007ffd57adc000 	c:\Users\vidhu\.vscode\extensions\redhat.java-1.50.0-win32-x64\jre\21.0.9-win32-x86_64\bin\vcruntime140_1.dll
0x00007ffd21020000 - 0x00007ffd210ad000 	c:\Users\vidhu\.vscode\extensions\redhat.java-1.50.0-win32-x64\jre\21.0.9-win32-x86_64\bin\msvcp140.dll
0x00007ffcb5b00000 - 0x00007ffcb68a0000 	c:\Users\vidhu\.vscode\extensions\redhat.java-1.50.0-win32-x64\jre\21.0.9-win32-x86_64\bin\server\jvm.dll
0x00007ffd5ecb0000 - 0x00007ffd5ed21000 	C:\WINDOWS\System32\WS2_32.dll
0x00007ffd5d770000 - 0x00007ffd5d7bd000 	C:\WINDOWS\SYSTEM32\POWRPROF.dll
0x00007ffd56c50000 - 0x00007ffd56c84000 	C:\WINDOWS\SYSTEM32\WINMM.dll
0x00007ffd5d750000 - 0x00007ffd5d763000 	C:\WINDOWS\SYSTEM32\UMPDC.dll
0x00007ffd5c7d0000 - 0x00007ffd5c7e8000 	C:\WINDOWS\SYSTEM32\kernel.appcore.dll
0x00007ffd57a80000 - 0x00007ffd57a8a000 	c:\Users\vidhu\.vscode\extensions\redhat.java-1.50.0-win32-x64\jre\21.0.9-win32-x86_64\bin\jimage.dll
0x00007ffd5ac40000 - 0x00007ffd5ae73000 	C:\WINDOWS\SYSTEM32\DBGHELP.DLL
0x00007ffd5eac0000 - 0x00007ffd5eb98000 	C:\WINDOWS\System32\OLEAUT32.dll
0x00007ffd3c070000 - 0x00007ffd3c0a2000 	C:\WINDOWS\SYSTEM32\dbgcore.DLL
0x00007ffd5e1a0000 - 0x00007ffd5e21b000 	C:\WINDOWS\System32\bcryptPrimitives.dll
0x00007ffd57a60000 - 0x00007ffd57a6f000 	c:\Users\vidhu\.vscode\extensions\redhat.java-1.50.0-win32-x64\jre\21.0.9-win32-x86_64\bin\instrument.dll
0x00007ffd4b970000 - 0x00007ffd4b990000 	c:\Users\vidhu\.vscode\extensions\redhat.java-1.50.0-win32-x64\jre\21.0.9-win32-x86_64\bin\java.dll
0x00007ffd5b6e0000 - 0x00007ffd5bffa000 	C:\WINDOWS\SYSTEM32\windows.storage.dll
0x00007ffd5eef0000 - 0x00007ffd5eff4000 	C:\WINDOWS\System32\SHCORE.dll
0x00007ffd5d7d0000 - 0x00007ffd5d7f5000 	C:\WINDOWS\SYSTEM32\profapi.dll
0x00007ffd4b150000 - 0x00007ffd4b168000 	c:\Users\vidhu\.vscode\extensions\redhat.java-1.50.0-win32-x64\jre\21.0.9-win32-x86_64\bin\zip.dll
0x00007ffd56930000 - 0x00007ffd56940000 	C:\Users\vidhu\.vscode\extensions\redhat.java-1.50.0-win32-x64\jre\21.0.9-win32-x86_64\bin\net.dll
0x00007ffd5a120000 - 0x00007ffd5a24c000 	C:\WINDOWS\SYSTEM32\WINHTTP.dll
0x00007ffd5cc90000 - 0x00007ffd5ccf9000 	C:\WINDOWS\system32\mswsock.dll
0x00007ffd45680000 - 0x00007ffd45696000 	C:\Users\vidhu\.vscode\extensions\redhat.java-1.50.0-win32-x64\jre\21.0.9-win32-x86_64\bin\nio.dll
0x00007ffd553f0000 - 0x00007ffd55400000 	c:\Users\vidhu\.vscode\extensions\redhat.java-1.50.0-win32-x64\jre\21.0.9-win32-x86_64\bin\verify.dll
0x00007ffd1b890000 - 0x00007ffd1b8d4000 	C:\Users\vidhu\AppData\Roaming\Code\User\globalStorage\redhat.java\1.50.0\config_ss_win\org.eclipse.equinox.launcher\org.eclipse.equinox.launcher.win32.win32.x86_64_1.2.1400.v20250801-0854\eclipse_11916.dll
0x00007ffd5e8b0000 - 0x00007ffd5ea51000 	C:\WINDOWS\System32\ole32.dll
0x00007ffd5cf80000 - 0x00007ffd5cf9b000 	C:\WINDOWS\SYSTEM32\CRYPTSP.dll
0x00007ffd5c730000 - 0x00007ffd5c767000 	C:\WINDOWS\system32\rsaenh.dll
0x00007ffd5cd30000 - 0x00007ffd5cd58000 	C:\WINDOWS\SYSTEM32\USERENV.dll
0x00007ffd5ce90000 - 0x00007ffd5ce9c000 	C:\WINDOWS\SYSTEM32\CRYPTBASE.dll
0x00007ffd5c260000 - 0x00007ffd5c28d000 	C:\WINDOWS\SYSTEM32\IPHLPAPI.DLL
0x00007ffd5f1d0000 - 0x00007ffd5f1d9000 	C:\WINDOWS\System32\NSI.dll
0x00007ffd11e60000 - 0x00007ffd11ea9000 	C:\Users\vidhu\AppData\Local\Temp\jna-112202974\jna2739730017870572656.dll
0x00007ffd5ea90000 - 0x00007ffd5ea98000 	C:\WINDOWS\System32\PSAPI.DLL
0x00007ffd56b50000 - 0x00007ffd56b69000 	C:\WINDOWS\SYSTEM32\dhcpcsvc6.DLL
0x00007ffd56b30000 - 0x00007ffd56b4f000 	C:\WINDOWS\SYSTEM32\dhcpcsvc.DLL

JVMTI agents:
c:\Users\vidhu\.vscode\extensions\redhat.java-1.50.0-win32-x64\lombok\lombok-1.18.39-4050.jar path:c:\Users\vidhu\.vscode\extensions\redhat.java-1.50.0-win32-x64\jre\21.0.9-win32-x86_64\bin\instrument.dll, loaded, initialized, instrumentlib options:none

dbghelp: loaded successfully - version: 4.0.5 - missing functions: none
symbol engine: initialized successfully - sym options: 0x614 - pdb path: .;c:\Users\vidhu\.vscode\extensions\redhat.java-1.50.0-win32-x64\jre\21.0.9-win32-x86_64\bin;C:\WINDOWS\SYSTEM32;C:\WINDOWS\WinSxS\amd64_microsoft.windows.common-controls_6595b64144ccf1df_6.0.22621.6060_none_2712eda17382d24b;C:\Program Files (x86)\360\Total Security\safemon;c:\Users\vidhu\.vscode\extensions\redhat.java-1.50.0-win32-x64\jre\21.0.9-win32-x86_64\bin\server;C:\Users\vidhu\AppData\Roaming\Code\User\globalStorage\redhat.java\1.50.0\config_ss_win\org.eclipse.equinox.launcher\org.eclipse.equinox.launcher.win32.win32.x86_64_1.2.1400.v20250801-0854;C:\Users\vidhu\AppData\Local\Temp\jna-112202974

VM Arguments:
jvm_args: --add-modules=ALL-SYSTEM --add-opens=java.base/java.util=ALL-UNNAMED --add-opens=java.base/java.lang=ALL-UNNAMED --add-opens=java.base/sun.nio.fs=ALL-UNNAMED -Declipse.application=org.eclipse.jdt.ls.core.id1 -Dosgi.bundles.defaultStartLevel=4 -Declipse.product=org.eclipse.jdt.ls.core.product -Djava.import.generatesMetadataFilesAtProjectRoot=false -DDetectVMInstallationsJob.disabled=true -Dfile.encoding=utf8 -XX:+UseParallelGC -XX:GCTimeRatio=4 -XX:AdaptiveSizePolicyWeight=90 -Dsun.zip.disableMemoryMapping=true -Xmx2G -Xms100m -Xlog:disable -javaagent:c:\Users\vidhu\.vscode\extensions\redhat.java-1.50.0-win32-x64\lombok\lombok-1.18.39-4050.jar 
java_command: c:\Users\vidhu\.vscode\extensions\redhat.java-1.50.0-win32-x64\server\plugins\org.eclipse.equinox.launcher_1.7.100.v20251111-0406.jar -configuration c:\Users\vidhu\AppData\Roaming\Code\User\globalStorage\redhat.java\1.50.0\config_ss_win -data c:\Users\vidhu\AppData\Roaming\Code\User\workspaceStorage\0945df33211d2f548a64139e8c7cf1fe\redhat.java\ss_ws --pipe=\\.\pipe\lsp-17e916f1357c7c0b1b08870156e5c206-sock
java_class_path (initial): c:\Users\vidhu\.vscode\extensions\redhat.java-1.50.0-win32-x64\server\plugins\org.eclipse.equinox.launcher_1.7.100.v20251111-0406.jar
Launcher Type: SUN_STANDARD

[Global flags]
    uintx AdaptiveSizePolicyWeight                 = 90                                        {product} {command line}
     intx CICompilerCount                          = 4                                         {product} {ergonomic}
    uintx GCTimeRatio                              = 4                                         {product} {command line}
   size_t InitialHeapSize                          = 104857600                                 {product} {command line}
   size_t MaxHeapSize                              = 2147483648                                {product} {command line}
   size_t MaxNewSize                               = 715653120                                 {product} {ergonomic}
   size_t MinHeapDeltaBytes                        = 524288                                    {product} {ergonomic}
   size_t MinHeapSize                              = 104857600                                 {product} {command line}
   size_t NewSize                                  = 34603008                                  {product} {ergonomic}
    uintx NonNMethodCodeHeapSize                   = 5839372                                {pd product} {ergonomic}
    uintx NonProfiledCodeHeapSize                  = 122909434                              {pd product} {ergonomic}
   size_t OldSize                                  = 70254592                                  {product} {ergonomic}
    uintx ProfiledCodeHeapSize                     = 122909434                              {pd product} {ergonomic}
    uintx ReservedCodeCacheSize                    = 251658240                              {pd product} {ergonomic}
     bool SegmentedCodeCache                       = true                                      {product} {ergonomic}
   size_t SoftMaxHeapSize                          = 2147483648                             {manageable} {ergonomic}
     bool UseCompressedOops                        = true                           {product lp64_product} {ergonomic}
     bool UseLargePagesIndividualAllocation        = false                                  {pd product} {ergonomic}
     bool UseParallelGC                            = true                                      {product} {command line}

Logging:
Log output configuration:
 #0: stdout all=off uptime,level,tags foldmultilines=false
 #1: stderr all=off uptime,level,tags foldmultilines=false

Release file:
JAVA_VERSION="21.0.9" 
MODULES="java.base java.compiler java.datatransfer java.xml java.prefs java.desktop java.instrument java.logging java.management java.security.sasl java.naming java.rmi java.management.rmi java.net.http java.scripting java.security.jgss java.transaction.xa java.sql java.sql.rowset java.xml.crypto java.se java.smartcardio jdk.accessibility jdk.internal.jvmstat jdk.attach jdk.charsets jdk.internal.opt jdk.zipfs jdk.compiler jdk.crypto.ec jdk.crypto.cryptoki jdk.crypto.mscapi jdk.dynalink jdk.internal.ed jdk.editpad jdk.hotspot.agent jdk.httpserver jdk.internal.le jdk.internal.vm.ci jdk.internal.vm.compiler jdk.internal.vm.compiler.management jdk.jartool jdk.javadoc jdk.jcmd jdk.management jdk.management.agent jdk.jconsole jdk.jdeps jdk.jdwp.agent jdk.jdi jdk.jfr jdk.jshell jdk.jsobject jdk.jstatd jdk.localedata jdk.management.jfr jdk.naming.dns jdk.naming.rmi jdk.net jdk.nio.mapmode jdk.random jdk.sctp jdk.security.auth jdk.security.jgss jdk.unsupported jdk.unsupported.desktop jdk.xml.dom" 

Environment Variables:
JAVA_HOME=C:\Program Files\Java\jdk-25
PATH=C:\Program Files\Common Files\Oracle\Java\javapath;C:\WINDOWS\system32;C:\WINDOWS;C:\WINDOWS\System32\Wbem;C:\WINDOWS\System32\WindowsPowerShell\v1.0\;C:\WINDOWS\System32\OpenSSH\;C:\Program Files\Java\jdk-25\bin;C:\Program Files\apache-maven-3.9.11\bin;C:\Program Files\cursor\resources\app\bin;C:\Program Files\Git\cmd;C:\Program Files\MySQL\MySQL Server 8.0\bin;C:\Program Files\MySQL\MySQL Shell 8.0\bin\;C:\Users\vidhu\AppData\Local\Microsoft\WindowsApps;C:\Users\vidhu\AppData\Local\Programs\Microsoft VS Code\bin;
USERNAME=vidhu
OS=Windows_NT
PROCESSOR_IDENTIFIER=Intel64 Family 6 Model 154 Stepping 4, GenuineIntel
TMP=C:\Users\vidhu\AppData\Local\Temp
TEMP=C:\Users\vidhu\AppData\Local\Temp




Periodic native trim disabled

---------------  S Y S T E M  ---------------

OS:
 Windows 11 , 64 bit Build 22621 (10.0.22621.5415)
OS uptime: 0 days 5:29 hours
Hyper-V role detected

CPU: total 8 (initial active 8) (4 cores per cpu, 2 threads per core) family 6 model 154 stepping 4 microcode 0x424, cx8, cmov, fxsr, ht, mmx, 3dnowpref, sse, sse2, sse3, ssse3, sse4.1, sse4.2, popcnt, lzcnt, tsc, tscinvbit, avx, avx2, aes, erms, clmul, bmi1, bmi2, adx, sha, fma, vzeroupper, clflush, clflushopt, clwb, hv, serialize, rdtscp, rdpid, fsrm, f16c, cet_ibt, cet_ss
Processor Information for processor 0
  Max Mhz: 1200, Current Mhz: 1200, Mhz Limit: 1200
Processor Information for processor 1
  Max Mhz: 1200, Current Mhz: 1200, Mhz Limit: 1200
Processor Information for processor 2
  Max Mhz: 1200, Current Mhz: 1200, Mhz Limit: 1200
Processor Information for processor 3
  Max Mhz: 1200, Current Mhz: 1200, Mhz Limit: 1200
Processor Information for processor 4
  Max Mhz: 900, Current Mhz: 900, Mhz Limit: 900
Processor Information for processor 5
  Max Mhz: 900, Current Mhz: 900, Mhz Limit: 900
Processor Information for processor 6
  Max Mhz: 900, Current Mhz: 900, Mhz Limit: 900
Processor Information for processor 7
  Max Mhz: 900, Current Mhz: 900, Mhz Limit: 900

Memory: 4k page, system-wide physical 7916M (653M free)
TotalPageFile size 9817M (AvailPageFile size 5M)
current process WorkingSet (physical memory assigned to process): 203M, peak: 203M
current process commit charge ("private bytes"): 316M, peak: 317M

vm_info: OpenJDK 64-Bit Server VM (21.0.9+10-LTS) for windows-amd64 JRE (21.0.9+10-LTS), built on 2025-10-21T00:00:00Z by "admin" with unknown MS VC++:1942

END.
