#
# There is insufficient memory for the Java Runtime Environment to continue.
# Native memory allocation (malloc) failed to allocate 32744 bytes. Error detail: Chunk::new
# Possible reasons:
#   The system is out of physical RAM or swap space
#   This process is running with CompressedOops enabled, and the Java Heap may be blocking the growth of the native heap
# Possible solutions:
#   Reduce memory load on the system
#   Increase physical memory or swap space
#   Check if swap backing store is full
#   Decrease Java heap size (-Xmx/-Xms)
#   Decrease number of Java threads
#   Decrease Java thread stack sizes (-Xss)
#   Set larger code cache with -XX:ReservedCodeCacheSize=
#   JVM is running with Unscaled Compressed Oops mode in which the Java heap is
#     placed in the first 4GB address space. The Java Heap base address is the
#     maximum limit for the native heap growth. Please use -XX:HeapBaseMinAddress
#     to set the Java Heap base and to place the Java Heap above 4GB virtual address.
# This output file may be truncated or incomplete.
#
#  Out of Memory Error (arena.cpp:168), pid=14772, tid=16480
#
# JRE version: OpenJDK Runtime Environment Temurin-21.0.9+10 (21.0.9+10) (build 21.0.9+10-LTS)
# Java VM: OpenJDK 64-Bit Server VM Temurin-21.0.9+10 (21.0.9+10-LTS, mixed mode, sharing, tiered, compressed oops, compressed class ptrs, parallel gc, windows-amd64)
# No core dump will be written. Minidumps are not enabled by default on client versions of Windows
#

---------------  S U M M A R Y ------------

Command Line: --add-modules=ALL-SYSTEM --add-opens=java.base/java.util=ALL-UNNAMED --add-opens=java.base/java.lang=ALL-UNNAMED --add-opens=java.base/sun.nio.fs=ALL-UNNAMED -Declipse.application=org.eclipse.jdt.ls.core.id1 -Dosgi.bundles.defaultStartLevel=4 -Declipse.product=org.eclipse.jdt.ls.core.product -Djava.import.generatesMetadataFilesAtProjectRoot=false -DDetectVMInstallationsJob.disabled=true -Dfile.encoding=utf8 -XX:+UseParallelGC -XX:GCTimeRatio=4 -XX:AdaptiveSizePolicyWeight=90 -Dsun.zip.disableMemoryMapping=true -Xmx2G -Xms100m -Xlog:disable -javaagent:c:\Users\vidhu\.vscode\extensions\redhat.java-1.50.0-win32-x64\lombok\lombok-1.18.39-4050.jar c:\Users\vidhu\.vscode\extensions\redhat.java-1.50.0-win32-x64\server\plugins\org.eclipse.equinox.launcher_1.7.100.v20251111-0406.jar -configuration c:\Users\vidhu\AppData\Roaming\Code\User\globalStorage\redhat.java\1.50.0\config_ss_win -data c:\Users\vidhu\AppData\Roaming\Code\User\workspaceStorage\0945df33211d2f548a64139e8c7cf1fe\redhat.java\ss_ws --pipe=\\.\pipe\lsp-c4bd53ec43a0c08b1ce16d8520f49778-sock

Host: 12th Gen Intel(R) Core(TM) i3-1215U, 8 cores, 7G,  Windows 11 , 64 bit Build 22621 (10.0.22621.5415)
Time: Wed Dec 17 18:55:45 2025 India Standard Time elapsed time: 7.320642 seconds (0d 0h 0m 7s)

---------------  T H R E A D  ---------------

Current thread (0x000001639f010240):  JavaThread "C1 CompilerThread0" daemon [_thread_in_native, id=16480, stack(0x000000049ac00000,0x000000049ad00000) (1024K)]


Current CompileTask:
C1:7320 4840       3       org.eclipse.core.runtime.Path::append (264 bytes)

Stack: [0x000000049ac00000,0x000000049ad00000]
Native frames: (J=compiled Java code, j=interpreted, Vv=VM code, C=native code)
V  [jvm.dll+0x6d6e29]
V  [jvm.dll+0x8b4b76]
V  [jvm.dll+0x8b712e]
V  [jvm.dll+0x8b7813]
V  [jvm.dll+0x283d86]
V  [jvm.dll+0xc66ed]
V  [jvm.dll+0xc6c31]
V  [jvm.dll+0x19d6f2]
V  [jvm.dll+0x19c66e]
V  [jvm.dll+0x157375]
V  [jvm.dll+0x156c17]
V  [jvm.dll+0x156e44]
V  [jvm.dll+0x15625c]
V  [jvm.dll+0x157fed]
V  [jvm.dll+0x25b29d]
V  [jvm.dll+0x25982a]
V  [jvm.dll+0x3f7ea6]
V  [jvm.dll+0x85e9ad]
V  [jvm.dll+0x6d565d]
C  [ucrtbase.dll+0x29333]
C  [KERNEL32.DLL+0x1259d]
C  [ntdll.dll+0x5af78]


---------------  P R O C E S S  ---------------

Threads class SMR info:
_java_thread_list=0x00000163a1d57c70, length=41, elements={
0x000001633f6a0b90, 0x0000016341b053a0, 0x0000016341a0c5f0, 0x0000016341a0e780,
0x0000016341b099c0, 0x0000016341b0ba00, 0x0000016341b0f280, 0x0000016341b103d0,
0x000001639f010240, 0x000001639f248f90, 0x000001639f2461a0, 0x000001639f249620,
0x000001639f246830, 0x000001639f247550, 0x000001639f247be0, 0x000001639f246ec0,
0x000001639f248270, 0x000001639f248900, 0x000001639fe11cd0, 0x000001639fe10290,
0x000001639fe10fb0, 0x000001639fe0e850, 0x000001639fe13710, 0x000001639fe0e1c0,
0x000001639fe10920, 0x000001639fe11640, 0x000001639fe0d4a0, 0x000001639fe0db30,
0x000001639fe129f0, 0x000001639fe13080, 0x000001639fe0fc00, 0x000001639fe12360,
0x000001639fe13da0, 0x000001639fe0ce10, 0x000001639fe0eee0, 0x000001639fe0f570,
0x00000163a13e1c20, 0x00000163a13e3660, 0x00000163a13e0870, 0x00000163a1a7f960,
0x00000163a139d2b0
}

Java Threads: ( => current thread )
  0x000001633f6a0b90 JavaThread "main"                              [_thread_blocked, id=21000, stack(0x000000049a100000,0x000000049a200000) (1024K)]
  0x0000016341b053a0 JavaThread "Reference Handler"          daemon [_thread_blocked, id=2940, stack(0x000000049a500000,0x000000049a600000) (1024K)]
  0x0000016341a0c5f0 JavaThread "Finalizer"                  daemon [_thread_blocked, id=2644, stack(0x000000049a600000,0x000000049a700000) (1024K)]
  0x0000016341a0e780 JavaThread "Signal Dispatcher"          daemon [_thread_blocked, id=2332, stack(0x000000049a700000,0x000000049a800000) (1024K)]
  0x0000016341b099c0 JavaThread "Attach Listener"            daemon [_thread_blocked, id=15020, stack(0x000000049a800000,0x000000049a900000) (1024K)]
  0x0000016341b0ba00 JavaThread "Service Thread"             daemon [_thread_blocked, id=21752, stack(0x000000049a900000,0x000000049aa00000) (1024K)]
  0x0000016341b0f280 JavaThread "Monitor Deflation Thread"   daemon [_thread_blocked, id=20756, stack(0x000000049aa00000,0x000000049ab00000) (1024K)]
  0x0000016341b103d0 JavaThread "C2 CompilerThread0"         daemon [_thread_in_native, id=18188, stack(0x000000049ab00000,0x000000049ac00000) (1024K)]
=>0x000001639f010240 JavaThread "C1 CompilerThread0"         daemon [_thread_in_native, id=16480, stack(0x000000049ac00000,0x000000049ad00000) (1024K)]
  0x000001639f248f90 JavaThread "Common-Cleaner"             daemon [_thread_blocked, id=8644, stack(0x000000049ae00000,0x000000049af00000) (1024K)]
  0x000001639f2461a0 JavaThread "Notification Thread"        daemon [_thread_blocked, id=14440, stack(0x000000049af00000,0x000000049b000000) (1024K)]
  0x000001639f249620 JavaThread "Active Thread: Equinox Container: ec869921-1361-4133-a277-11ce0768e3be"        [_thread_blocked, id=21276, stack(0x000000049b700000,0x000000049b800000) (1024K)]
  0x000001639f246830 JavaThread "Framework Event Dispatcher: Equinox Container: ec869921-1361-4133-a277-11ce0768e3be" daemon [_thread_blocked, id=6820, stack(0x000000049b800000,0x000000049b900000) (1024K)]
  0x000001639f247550 JavaThread "Start Level: Equinox Container: ec869921-1361-4133-a277-11ce0768e3be" daemon [_thread_blocked, id=8184, stack(0x000000049b900000,0x000000049ba00000) (1024K)]
  0x000001639f247be0 JavaThread "SCR Component Actor"        daemon [_thread_blocked, id=20136, stack(0x000000049bb00000,0x000000049bc00000) (1024K)]
  0x000001639f246ec0 JavaThread "Worker-JM"                         [_thread_blocked, id=2612, stack(0x000000049b000000,0x000000049b100000) (1024K)]
  0x000001639f248270 JavaThread "JNA Cleaner"                daemon [_thread_blocked, id=21828, stack(0x000000049bc00000,0x000000049bd00000) (1024K)]
  0x000001639f248900 JavaThread "Worker-0: Publish Diagnostics"        [_thread_in_vm, id=22436, stack(0x000000049bd00000,0x000000049be00000) (1024K)]
  0x000001639fe11cd0 JavaThread "Worker-1"                          [_thread_blocked, id=9252, stack(0x000000049be00000,0x000000049bf00000) (1024K)]
  0x000001639fe10290 JavaThread "Thread-1"                   daemon [_thread_in_native, id=18216, stack(0x000000049c000000,0x000000049c100000) (1024K)]
  0x000001639fe10fb0 JavaThread "Thread-2"                   daemon [_thread_in_native, id=19252, stack(0x000000049c100000,0x000000049c200000) (1024K)]
  0x000001639fe0e850 JavaThread "Thread-3"                   daemon [_thread_in_native, id=16652, stack(0x000000049c200000,0x000000049c300000) (1024K)]
  0x000001639fe13710 JavaThread "Thread-4"                   daemon [_thread_in_native, id=21408, stack(0x000000049c300000,0x000000049c400000) (1024K)]
  0x000001639fe0e1c0 JavaThread "Thread-5"                   daemon [_thread_in_native, id=10004, stack(0x000000049c400000,0x000000049c500000) (1024K)]
  0x000001639fe10920 JavaThread "Thread-6"                   daemon [_thread_in_native, id=21008, stack(0x000000049c500000,0x000000049c600000) (1024K)]
  0x000001639fe11640 JavaThread "Thread-7"                   daemon [_thread_in_native, id=6232, stack(0x000000049c600000,0x000000049c700000) (1024K)]
  0x000001639fe0d4a0 JavaThread "Thread-8"                   daemon [_thread_in_native, id=10956, stack(0x000000049c700000,0x000000049c800000) (1024K)]
  0x000001639fe0db30 JavaThread "Thread-9"                   daemon [_thread_in_native, id=22048, stack(0x000000049c800000,0x000000049c900000) (1024K)]
  0x000001639fe129f0 JavaThread "pool-2-thread-1"                   [_thread_blocked, id=21740, stack(0x000000049c900000,0x000000049ca00000) (1024K)]
  0x000001639fe13080 JavaThread "Worker-2"                          [_thread_blocked, id=13772, stack(0x000000049ca00000,0x000000049cb00000) (1024K)]
  0x000001639fe0fc00 JavaThread "WorkspaceEventsHandler"            [_thread_blocked, id=14832, stack(0x000000049cb00000,0x000000049cc00000) (1024K)]
  0x000001639fe12360 JavaThread "pool-1-thread-1"                   [_thread_blocked, id=15200, stack(0x000000049cc00000,0x000000049cd00000) (1024K)]
  0x000001639fe13da0 JavaThread "LocalFile Deleter"          daemon [_thread_blocked, id=17196, stack(0x000000049bf00000,0x000000049c000000) (1024K)]
  0x000001639fe0ce10 JavaThread "LocalFile Deleter"          daemon [_thread_blocked, id=16160, stack(0x000000049cd00000,0x000000049ce00000) (1024K)]
  0x000001639fe0eee0 JavaThread "LocalFile Deleter"          daemon [_thread_blocked, id=18752, stack(0x000000049ce00000,0x000000049cf00000) (1024K)]
  0x000001639fe0f570 JavaThread "LocalFile Deleter"          daemon [_thread_blocked, id=21044, stack(0x000000049cf00000,0x000000049d000000) (1024K)]
  0x00000163a13e1c20 JavaThread "LocalFile Deleter"          daemon [_thread_blocked, id=8312, stack(0x000000049d000000,0x000000049d100000) (1024K)]
  0x00000163a13e3660 JavaThread "ForkJoinPool.commonPool-worker-1" daemon [_thread_blocked, id=7484, stack(0x000000049ad00000,0x000000049ae00000) (1024K)]
  0x00000163a13e0870 JavaThread "ForkJoinPool.commonPool-worker-2" daemon [_thread_in_vm, id=9564, stack(0x000000049d100000,0x000000049d200000) (1024K)]
  0x00000163a1a7f960 JavaThread "C2 CompilerThread1"         daemon [_thread_in_native, id=15632, stack(0x000000049d200000,0x000000049d300000) (1024K)]
  0x00000163a139d2b0 JavaThread "C2 CompilerThread2"         daemon [_thread_in_native, id=13380, stack(0x000000049d300000,0x000000049d400000) (1024K)]
Total: 41

Other Threads:
  0x00000163419f6800 VMThread "VM Thread"                           [id=15480, stack(0x000000049a400000,0x000000049a500000) (1024K)]
  0x0000016341af02a0 WatcherThread "VM Periodic Task Thread"        [id=19372, stack(0x000000049a300000,0x000000049a400000) (1024K)]
  0x0000016341aa1100 WorkerThread "GC Thread#0"                     [id=6700, stack(0x000000049a200000,0x000000049a300000) (1024K)]
  0x000001639f6f0dc0 WorkerThread "GC Thread#1"                     [id=14136, stack(0x000000049b100000,0x000000049b200000) (1024K)]
  0x000001639f6f1160 WorkerThread "GC Thread#2"                     [id=3344, stack(0x000000049b200000,0x000000049b300000) (1024K)]
  0x000001639f6f1500 WorkerThread "GC Thread#3"                     [id=13636, stack(0x000000049b300000,0x000000049b400000) (1024K)]
  0x000001639f77f3c0 WorkerThread "GC Thread#4"                     [id=14528, stack(0x000000049b400000,0x000000049b500000) (1024K)]
  0x000001639f77f760 WorkerThread "GC Thread#5"                     [id=5284, stack(0x000000049b500000,0x000000049b600000) (1024K)]
  0x000001639f77fb00 WorkerThread "GC Thread#6"                     [id=17384, stack(0x000000049b600000,0x000000049b700000) (1024K)]
  0x000001639f8c75a0 WorkerThread "GC Thread#7"                     [id=21404, stack(0x000000049ba00000,0x000000049bb00000) (1024K)]
Total: 10

Threads with active compile tasks:
C2 CompilerThread0  7359 4688   !   4       org.eclipse.osgi.internal.loader.BundleLoader::findClass0 (490 bytes)
C1 CompilerThread0  7359 4840       3       org.eclipse.core.runtime.Path::append (264 bytes)
C2 CompilerThread1  7360 4768 %     4       org.lombokweb.asm.SymbolTable::<init> @ 98 (554 bytes)
C2 CompilerThread2  7360 4816 %     4       org.lombokweb.asm.ClassReader::readCode @ 2037 (5117 bytes)
Total: 4

VM state: not at safepoint (normal execution)

VM Mutex/Monitor currently owned by a thread:  ([mutex/lock_event])
[0x00007ffcb67bb4f0] Metaspace_lock - owner thread: 0x00000163a13e0870

Heap address: 0x0000000080000000, size: 2048 MB, Compressed Oops mode: 32-bit

CDS archive(s) mapped at: [0x0000016359000000-0x0000016359ba0000-0x0000016359ba0000), size 12189696, SharedBaseAddress: 0x0000016359000000, ArchiveRelocationMode: 1.
Compressed class space mapped at: 0x000001635a000000-0x000001639a000000, reserved size: 1073741824
Narrow klass base: 0x0000016359000000, Narrow klass shift: 0, Narrow klass range: 0x100000000

GC Precious Log:
 CardTable entry size: 512
 CPUs: 8 total, 8 available
 Memory: 7916M
 Large Page Support: Disabled
 NUMA Support: Disabled
 Compressed Oops: Enabled (32-bit)
 Alignments: Space 512K, Generation 512K, Heap 2M
 Heap Min Capacity: 100M
 Heap Initial Capacity: 100M
 Heap Max Capacity: 2G
 Pre-touch: Disabled
 Parallel Workers: 8

Heap:
 PSYoungGen      total 22528K, used 14751K [0x00000000d5580000, 0x00000000d6e80000, 0x0000000100000000)
  eden space 21504K, 65% used [0x00000000d5580000,0x00000000d634a4e0,0x00000000d6a80000)
  from space 1024K, 61% used [0x00000000d6d80000,0x00000000d6e1da60,0x00000000d6e80000)
  to   space 1536K, 0% used [0x00000000d6b80000,0x00000000d6b80000,0x00000000d6d00000)
 ParOldGen       total 68608K, used 29744K [0x0000000080000000, 0x0000000084300000, 0x00000000d5580000)
  object space 68608K, 43% used [0x0000000080000000,0x0000000081d0c2a8,0x0000000084300000)
 Metaspace       used 38779K, committed 39744K, reserved 1114112K
  class space    used 3889K, committed 4352K, reserved 1048576K

Card table byte_map: [0x0000016341400000,0x0000016341810000] _byte_map_base: 0x0000016341000000

Marking Bits: (ParMarkBitMap*) 0x00007ffcb67c2460
 Begin Bits: [0x0000016353f10000, 0x0000016355f10000)
 End Bits:   [0x0000016355f10000, 0x0000016357f10000)

Polling page: 0x000001633f8b0000

Metaspace:

Usage:
  Non-class:     34.07 MB used.
      Class:      3.80 MB used.
       Both:     37.87 MB used.

Virtual space:
  Non-class space:       64.00 MB reserved,      34.56 MB ( 54%) committed,  1 nodes.
      Class space:        1.00 GB reserved,       4.25 MB ( <1%) committed,  1 nodes.
             Both:        1.06 GB reserved,      38.81 MB (  4%) committed. 

Chunk freelists:
   Non-Class:  13.05 MB
       Class:  11.72 MB
        Both:  24.77 MB

MaxMetaspaceSize: unlimited
CompressedClassSpaceSize: 1.00 GB
Initial GC threshold: 21.00 MB
Current GC threshold: 58.38 MB
CDS: on
 - commit_granule_bytes: 65536.
 - commit_granule_words: 8192.
 - virtual_space_node_default_size: 8388608.
 - enlarge_chunks_in_place: 1.
 - use_allocation_guard: 0.


Internal statistics:

num_allocs_failed_limit: 6.
num_arena_births: 706.
num_arena_deaths: 14.
num_vsnodes_births: 2.
num_vsnodes_deaths: 0.
num_space_committed: 621.
num_space_uncommitted: 0.
num_chunks_returned_to_freelist: 20.
num_chunks_taken_from_freelist: 2294.
num_chunk_merges: 12.
num_chunk_splits: 1477.
num_chunks_enlarged: 930.
num_inconsistent_stats: 0.

CodeHeap 'non-profiled nmethods': size=120000Kb used=2602Kb max_used=2602Kb free=117397Kb
 bounds [0x000001634c730000, 0x000001634c9d0000, 0x0000016353c60000]
CodeHeap 'profiled nmethods': size=120000Kb used=9241Kb max_used=9241Kb free=110758Kb
 bounds [0x0000016344c60000, 0x0000016345580000, 0x000001634c190000]
CodeHeap 'non-nmethods': size=5760Kb used=1394Kb max_used=1413Kb free=4365Kb
 bounds [0x000001634c190000, 0x000001634c400000, 0x000001634c730000]
CodeCache: size=245760Kb, used=13237Kb, max_used=13256Kb, free=232520Kb
 total_blobs=5154, nmethods=4448, adapters=611, full_count=0
Compilation: enabled, stopped_count=0, restarted_count=0

Compilation events (20 events):
Event: 7.118 Thread 0x000001639f010240 nmethod 4826 0x0000016344dc4690 code [0x0000016344dc4880, 0x0000016344dc4e38]
Event: 7.125 Thread 0x000001639f010240 4827       3       org.lombokweb.asm.Handler::putExceptionTable (63 bytes)
Event: 7.125 Thread 0x000001639f010240 nmethod 4827 0x0000016344dc3d90 code [0x0000016344dc3fa0, 0x0000016344dc43e0]
Event: 7.170 Thread 0x000001639f010240 4828       3       org.lombokweb.asm.MethodWriter::visitIntInsn (113 bytes)
Event: 7.171 Thread 0x000001639f010240 nmethod 4828 0x0000016344dc3610 code [0x0000016344dc3800, 0x0000016344dc3c50]
Event: 7.181 Thread 0x000001639f010240 4829       3       lombok.patcher.MethodLogistics::loadOpcodeFor (145 bytes)
Event: 7.182 Thread 0x000001639f010240 nmethod 4829 0x0000016344dc2210 code [0x0000016344dc24c0, 0x0000016344dc3138]
Event: 7.186 Thread 0x000001639f010240 4830       3       org.lombokweb.asm.MethodVisitor::visitIntInsn (17 bytes)
Event: 7.187 Thread 0x000001639f010240 nmethod 4830 0x0000016344d8e490 code [0x0000016344d8e640, 0x0000016344d8e848]
Event: 7.229 Thread 0x000001639f010240 4834       3       org.lombokweb.asm.MethodVisitor::visitEnd (15 bytes)
Event: 7.229 Thread 0x000001639f010240 nmethod 4834 0x0000016344f37490 code [0x0000016344f37640, 0x0000016344f37848]
Event: 7.230 Thread 0x000001639f010240 4836       3       org.lombokweb.asm.MethodVisitor::visitCode (15 bytes)
Event: 7.230 Thread 0x000001639f010240 nmethod 4836 0x0000016344dc1d90 code [0x0000016344dc1f40, 0x0000016344dc2148]
Event: 7.230 Thread 0x000001639f010240 4837       3       org.lombokweb.asm.MethodVisitor::visitMaxs (17 bytes)
Event: 7.230 Thread 0x000001639f010240 nmethod 4837 0x0000016344dc1910 code [0x0000016344dc1ac0, 0x0000016344dc1cc8]
Event: 7.268 Thread 0x000001639f010240 4838       3       org.lombokweb.asm.ByteVector::put122 (93 bytes)
Event: 7.269 Thread 0x000001639f010240 nmethod 4838 0x0000016344dc1310 code [0x0000016344dc14c0, 0x0000016344dc1738]
Event: 7.271 Thread 0x000001639f010240 4839       3       org.lombokweb.asm.MethodWriter::visitLdcInsn (215 bytes)
Event: 7.272 Thread 0x000001639f010240 nmethod 4839 0x0000016344dc0110 code [0x0000016344dc03a0, 0x0000016344dc0ea0]
Event: 7.316 Thread 0x000001639f010240 4840       3       org.eclipse.core.runtime.Path::append (264 bytes)

GC Heap History (20 events):
Event: 4.015 GC heap before
{Heap before GC invocations=13 (full 1):
 PSYoungGen      total 25088K, used 24800K [0x00000000d5580000, 0x00000000d7180000, 0x0000000100000000)
  eden space 22528K, 100% used [0x00000000d5580000,0x00000000d6b80000,0x00000000d6b80000)
  from space 2560K, 88% used [0x00000000d6d00000,0x00000000d6f38010,0x00000000d6f80000)
  to   space 2048K, 0% used [0x00000000d6f80000,0x00000000d6f80000,0x00000000d7180000)
 ParOldGen       total 68608K, used 15975K [0x0000000080000000, 0x0000000084300000, 0x00000000d5580000)
  object space 68608K, 23% used [0x0000000080000000,0x0000000080f99ff8,0x0000000084300000)
 Metaspace       used 31986K, committed 32896K, reserved 1114112K
  class space    used 3230K, committed 3648K, reserved 1048576K
}
Event: 4.018 GC heap after
{Heap after GC invocations=13 (full 1):
 PSYoungGen      total 23552K, used 2018K [0x00000000d5580000, 0x00000000d7500000, 0x0000000100000000)
  eden space 21504K, 0% used [0x00000000d5580000,0x00000000d5580000,0x00000000d6a80000)
  from space 2048K, 98% used [0x00000000d6f80000,0x00000000d7178810,0x00000000d7180000)
  to   space 5120K, 0% used [0x00000000d6a80000,0x00000000d6a80000,0x00000000d6f80000)
 ParOldGen       total 68608K, used 18328K [0x0000000080000000, 0x0000000084300000, 0x00000000d5580000)
  object space 68608K, 26% used [0x0000000080000000,0x00000000811e6008,0x0000000084300000)
 Metaspace       used 31986K, committed 32896K, reserved 1114112K
  class space    used 3230K, committed 3648K, reserved 1048576K
}
Event: 4.109 GC heap before
{Heap before GC invocations=14 (full 1):
 PSYoungGen      total 23552K, used 23522K [0x00000000d5580000, 0x00000000d7500000, 0x0000000100000000)
  eden space 21504K, 100% used [0x00000000d5580000,0x00000000d6a80000,0x00000000d6a80000)
  from space 2048K, 98% used [0x00000000d6f80000,0x00000000d7178810,0x00000000d7180000)
  to   space 5120K, 0% used [0x00000000d6a80000,0x00000000d6a80000,0x00000000d6f80000)
 ParOldGen       total 68608K, used 18328K [0x0000000080000000, 0x0000000084300000, 0x00000000d5580000)
  object space 68608K, 26% used [0x0000000080000000,0x00000000811e6008,0x0000000084300000)
 Metaspace       used 31997K, committed 32896K, reserved 1114112K
  class space    used 3230K, committed 3648K, reserved 1048576K
}
Event: 4.113 GC heap after
{Heap after GC invocations=14 (full 1):
 PSYoungGen      total 24064K, used 2276K [0x00000000d5580000, 0x00000000d7080000, 0x0000000100000000)
  eden space 21504K, 0% used [0x00000000d5580000,0x00000000d5580000,0x00000000d6a80000)
  from space 2560K, 88% used [0x00000000d6a80000,0x00000000d6cb9000,0x00000000d6d00000)
  to   space 3072K, 0% used [0x00000000d6d80000,0x00000000d6d80000,0x00000000d7080000)
 ParOldGen       total 68608K, used 20212K [0x0000000080000000, 0x0000000084300000, 0x00000000d5580000)
  object space 68608K, 29% used [0x0000000080000000,0x00000000813bd030,0x0000000084300000)
 Metaspace       used 31997K, committed 32896K, reserved 1114112K
  class space    used 3230K, committed 3648K, reserved 1048576K
}
Event: 4.249 GC heap before
{Heap before GC invocations=15 (full 1):
 PSYoungGen      total 24064K, used 23780K [0x00000000d5580000, 0x00000000d7080000, 0x0000000100000000)
  eden space 21504K, 100% used [0x00000000d5580000,0x00000000d6a80000,0x00000000d6a80000)
  from space 2560K, 88% used [0x00000000d6a80000,0x00000000d6cb9000,0x00000000d6d00000)
  to   space 3072K, 0% used [0x00000000d6d80000,0x00000000d6d80000,0x00000000d7080000)
 ParOldGen       total 68608K, used 20212K [0x0000000080000000, 0x0000000084300000, 0x00000000d5580000)
  object space 68608K, 29% used [0x0000000080000000,0x00000000813bd030,0x0000000084300000)
 Metaspace       used 32004K, committed 32960K, reserved 1114112K
  class space    used 3230K, committed 3648K, reserved 1048576K
}
Event: 4.254 GC heap after
{Heap after GC invocations=15 (full 1):
 PSYoungGen      total 23552K, used 1888K [0x00000000d5580000, 0x00000000d6f80000, 0x0000000100000000)
  eden space 21504K, 0% used [0x00000000d5580000,0x00000000d5580000,0x00000000d6a80000)
  from space 2048K, 92% used [0x00000000d6d80000,0x00000000d6f58000,0x00000000d6f80000)
  to   space 2560K, 0% used [0x00000000d6a80000,0x00000000d6a80000,0x00000000d6d00000)
 ParOldGen       total 68608K, used 22362K [0x0000000080000000, 0x0000000084300000, 0x00000000d5580000)
  object space 68608K, 32% used [0x0000000080000000,0x00000000815d6af8,0x0000000084300000)
 Metaspace       used 32004K, committed 32960K, reserved 1114112K
  class space    used 3230K, committed 3648K, reserved 1048576K
}
Event: 4.398 GC heap before
{Heap before GC invocations=16 (full 1):
 PSYoungGen      total 23552K, used 23392K [0x00000000d5580000, 0x00000000d6f80000, 0x0000000100000000)
  eden space 21504K, 100% used [0x00000000d5580000,0x00000000d6a80000,0x00000000d6a80000)
  from space 2048K, 92% used [0x00000000d6d80000,0x00000000d6f58000,0x00000000d6f80000)
  to   space 2560K, 0% used [0x00000000d6a80000,0x00000000d6a80000,0x00000000d6d00000)
 ParOldGen       total 68608K, used 22362K [0x0000000080000000, 0x0000000084300000, 0x00000000d5580000)
  object space 68608K, 32% used [0x0000000080000000,0x00000000815d6af8,0x0000000084300000)
 Metaspace       used 32052K, committed 32960K, reserved 1114112K
  class space    used 3233K, committed 3648K, reserved 1048576K
}
Event: 4.403 GC heap after
{Heap after GC invocations=16 (full 1):
 PSYoungGen      total 24064K, used 2112K [0x00000000d5580000, 0x00000000d6f80000, 0x0000000100000000)
  eden space 21504K, 0% used [0x00000000d5580000,0x00000000d5580000,0x00000000d6a80000)
  from space 2560K, 82% used [0x00000000d6a80000,0x00000000d6c90010,0x00000000d6d00000)
  to   space 2560K, 0% used [0x00000000d6d00000,0x00000000d6d00000,0x00000000d6f80000)
 ParOldGen       total 68608K, used 24162K [0x0000000080000000, 0x0000000084300000, 0x00000000d5580000)
  object space 68608K, 35% used [0x0000000080000000,0x0000000081798af8,0x0000000084300000)
 Metaspace       used 32052K, committed 32960K, reserved 1114112K
  class space    used 3233K, committed 3648K, reserved 1048576K
}
Event: 4.730 GC heap before
{Heap before GC invocations=17 (full 1):
 PSYoungGen      total 24064K, used 23616K [0x00000000d5580000, 0x00000000d6f80000, 0x0000000100000000)
  eden space 21504K, 100% used [0x00000000d5580000,0x00000000d6a80000,0x00000000d6a80000)
  from space 2560K, 82% used [0x00000000d6a80000,0x00000000d6c90010,0x00000000d6d00000)
  to   space 2560K, 0% used [0x00000000d6d00000,0x00000000d6d00000,0x00000000d6f80000)
 ParOldGen       total 68608K, used 24162K [0x0000000080000000, 0x0000000084300000, 0x00000000d5580000)
  object space 68608K, 35% used [0x0000000080000000,0x0000000081798af8,0x0000000084300000)
 Metaspace       used 32682K, committed 33664K, reserved 1114112K
  class space    used 3295K, committed 3712K, reserved 1048576K
}
Event: 4.733 GC heap after
{Heap after GC invocations=17 (full 1):
 PSYoungGen      total 23552K, used 1752K [0x00000000d5580000, 0x00000000d6f00000, 0x0000000100000000)
  eden space 21504K, 0% used [0x00000000d5580000,0x00000000d5580000,0x00000000d6a80000)
  from space 2048K, 85% used [0x00000000d6d00000,0x00000000d6eb6200,0x00000000d6f00000)
  to   space 2048K, 0% used [0x00000000d6b00000,0x00000000d6b00000,0x00000000d6d00000)
 ParOldGen       total 68608K, used 26138K [0x0000000080000000, 0x0000000084300000, 0x00000000d5580000)
  object space 68608K, 38% used [0x0000000080000000,0x0000000081986b08,0x0000000084300000)
 Metaspace       used 32682K, committed 33664K, reserved 1114112K
  class space    used 3295K, committed 3712K, reserved 1048576K
}
Event: 5.316 GC heap before
{Heap before GC invocations=18 (full 1):
 PSYoungGen      total 23552K, used 18024K [0x00000000d5580000, 0x00000000d6f00000, 0x0000000100000000)
  eden space 21504K, 75% used [0x00000000d5580000,0x00000000d6564150,0x00000000d6a80000)
  from space 2048K, 85% used [0x00000000d6d00000,0x00000000d6eb6200,0x00000000d6f00000)
  to   space 2048K, 0% used [0x00000000d6b00000,0x00000000d6b00000,0x00000000d6d00000)
 ParOldGen       total 68608K, used 26138K [0x0000000080000000, 0x0000000084300000, 0x00000000d5580000)
  object space 68608K, 38% used [0x0000000080000000,0x0000000081986b08,0x0000000084300000)
 Metaspace       used 34864K, committed 35840K, reserved 1114112K
  class space    used 3548K, committed 3968K, reserved 1048576K
}
Event: 5.319 GC heap after
{Heap after GC invocations=18 (full 1):
 PSYoungGen      total 23552K, used 1938K [0x00000000d5580000, 0x00000000d6e80000, 0x0000000100000000)
  eden space 21504K, 0% used [0x00000000d5580000,0x00000000d5580000,0x00000000d6a80000)
  from space 2048K, 94% used [0x00000000d6b00000,0x00000000d6ce4a88,0x00000000d6d00000)
  to   space 1536K, 0% used [0x00000000d6d00000,0x00000000d6d00000,0x00000000d6e80000)
 ParOldGen       total 68608K, used 27699K [0x0000000080000000, 0x0000000084300000, 0x00000000d5580000)
  object space 68608K, 40% used [0x0000000080000000,0x0000000081b0cd08,0x0000000084300000)
 Metaspace       used 34864K, committed 35840K, reserved 1114112K
  class space    used 3548K, committed 3968K, reserved 1048576K
}
Event: 5.319 GC heap before
{Heap before GC invocations=19 (full 2):
 PSYoungGen      total 23552K, used 1938K [0x00000000d5580000, 0x00000000d6e80000, 0x0000000100000000)
  eden space 21504K, 0% used [0x00000000d5580000,0x00000000d5580000,0x00000000d6a80000)
  from space 2048K, 94% used [0x00000000d6b00000,0x00000000d6ce4a88,0x00000000d6d00000)
  to   space 1536K, 0% used [0x00000000d6d00000,0x00000000d6d00000,0x00000000d6e80000)
 ParOldGen       total 68608K, used 27699K [0x0000000080000000, 0x0000000084300000, 0x00000000d5580000)
  object space 68608K, 40% used [0x0000000080000000,0x0000000081b0cd08,0x0000000084300000)
 Metaspace       used 34864K, committed 35840K, reserved 1114112K
  class space    used 3548K, committed 3968K, reserved 1048576K
}
Event: 5.363 GC heap after
{Heap after GC invocations=19 (full 2):
 PSYoungGen      total 23552K, used 0K [0x00000000d5580000, 0x00000000d6e80000, 0x0000000100000000)
  eden space 21504K, 0% used [0x00000000d5580000,0x00000000d5580000,0x00000000d6a80000)
  from space 2048K, 0% used [0x00000000d6b00000,0x00000000d6b00000,0x00000000d6d00000)
  to   space 1536K, 0% used [0x00000000d6d00000,0x00000000d6d00000,0x00000000d6e80000)
 ParOldGen       total 68608K, used 27617K [0x0000000080000000, 0x0000000084300000, 0x00000000d5580000)
  object space 68608K, 40% used [0x0000000080000000,0x0000000081af8430,0x0000000084300000)
 Metaspace       used 34864K, committed 35840K, reserved 1114112K
  class space    used 3548K, committed 3968K, reserved 1048576K
}
Event: 5.875 GC heap before
{Heap before GC invocations=20 (full 2):
 PSYoungGen      total 23552K, used 21504K [0x00000000d5580000, 0x00000000d6e80000, 0x0000000100000000)
  eden space 21504K, 100% used [0x00000000d5580000,0x00000000d6a80000,0x00000000d6a80000)
  from space 2048K, 0% used [0x00000000d6b00000,0x00000000d6b00000,0x00000000d6d00000)
  to   space 1536K, 0% used [0x00000000d6d00000,0x00000000d6d00000,0x00000000d6e80000)
 ParOldGen       total 68608K, used 27617K [0x0000000080000000, 0x0000000084300000, 0x00000000d5580000)
  object space 68608K, 40% used [0x0000000080000000,0x0000000081af8430,0x0000000084300000)
 Metaspace       used 36069K, committed 36992K, reserved 1114112K
  class space    used 3692K, committed 4096K, reserved 1048576K
}
Event: 5.877 GC heap after
{Heap after GC invocations=20 (full 2):
 PSYoungGen      total 22528K, used 544K [0x00000000d5580000, 0x00000000d6e00000, 0x0000000100000000)
  eden space 21504K, 0% used [0x00000000d5580000,0x00000000d5580000,0x00000000d6a80000)
  from space 1024K, 53% used [0x00000000d6d00000,0x00000000d6d88020,0x00000000d6e00000)
  to   space 1536K, 0% used [0x00000000d6b00000,0x00000000d6b00000,0x00000000d6c80000)
 ParOldGen       total 68608K, used 27625K [0x0000000080000000, 0x0000000084300000, 0x00000000d5580000)
  object space 68608K, 40% used [0x0000000080000000,0x0000000081afa430,0x0000000084300000)
 Metaspace       used 36069K, committed 36992K, reserved 1114112K
  class space    used 3692K, committed 4096K, reserved 1048576K
}
Event: 6.879 GC heap before
{Heap before GC invocations=21 (full 2):
 PSYoungGen      total 22528K, used 22048K [0x00000000d5580000, 0x00000000d6e00000, 0x0000000100000000)
  eden space 21504K, 100% used [0x00000000d5580000,0x00000000d6a80000,0x00000000d6a80000)
  from space 1024K, 53% used [0x00000000d6d00000,0x00000000d6d88020,0x00000000d6e00000)
  to   space 1536K, 0% used [0x00000000d6b00000,0x00000000d6b00000,0x00000000d6c80000)
 ParOldGen       total 68608K, used 27625K [0x0000000080000000, 0x0000000084300000, 0x00000000d5580000)
  object space 68608K, 40% used [0x0000000080000000,0x0000000081afa430,0x0000000084300000)
 Metaspace       used 38475K, committed 39488K, reserved 1114112K
  class space    used 3880K, committed 4352K, reserved 1048576K
}
Event: 6.883 GC heap after
{Heap after GC invocations=21 (full 2):
 PSYoungGen      total 23040K, used 1518K [0x00000000d5580000, 0x00000000d7080000, 0x0000000100000000)
  eden space 21504K, 0% used [0x00000000d5580000,0x00000000d5580000,0x00000000d6a80000)
  from space 1536K, 98% used [0x00000000d6b00000,0x00000000d6c7b8d0,0x00000000d6c80000)
  to   space 3072K, 0% used [0x00000000d6d80000,0x00000000d6d80000,0x00000000d7080000)
 ParOldGen       total 68608K, used 28423K [0x0000000080000000, 0x0000000084300000, 0x00000000d5580000)
  object space 68608K, 41% used [0x0000000080000000,0x0000000081bc1ea0,0x0000000084300000)
 Metaspace       used 38475K, committed 39488K, reserved 1114112K
  class space    used 3880K, committed 4352K, reserved 1048576K
}
Event: 7.194 GC heap before
{Heap before GC invocations=22 (full 2):
 PSYoungGen      total 23040K, used 23022K [0x00000000d5580000, 0x00000000d7080000, 0x0000000100000000)
  eden space 21504K, 100% used [0x00000000d5580000,0x00000000d6a80000,0x00000000d6a80000)
  from space 1536K, 98% used [0x00000000d6b00000,0x00000000d6c7b8d0,0x00000000d6c80000)
  to   space 3072K, 0% used [0x00000000d6d80000,0x00000000d6d80000,0x00000000d7080000)
 ParOldGen       total 68608K, used 28423K [0x0000000080000000, 0x0000000084300000, 0x00000000d5580000)
  object space 68608K, 41% used [0x0000000080000000,0x0000000081bc1ea0,0x0000000084300000)
 Metaspace       used 38516K, committed 39488K, reserved 1114112K
  class space    used 3880K, committed 4352K, reserved 1048576K
}
Event: 7.196 GC heap after
{Heap after GC invocations=22 (full 2):
 PSYoungGen      total 22528K, used 630K [0x00000000d5580000, 0x00000000d6e80000, 0x0000000100000000)
  eden space 21504K, 0% used [0x00000000d5580000,0x00000000d5580000,0x00000000d6a80000)
  from space 1024K, 61% used [0x00000000d6d80000,0x00000000d6e1da60,0x00000000d6e80000)
  to   space 1536K, 0% used [0x00000000d6b80000,0x00000000d6b80000,0x00000000d6d00000)
 ParOldGen       total 68608K, used 29744K [0x0000000080000000, 0x0000000084300000, 0x00000000d5580000)
  object space 68608K, 43% used [0x0000000080000000,0x0000000081d0c2a8,0x0000000084300000)
 Metaspace       used 38516K, committed 39488K, reserved 1114112K
  class space    used 3880K, committed 4352K, reserved 1048576K
}

Dll operation events (10 events):
Event: 0.011 Loaded shared library c:\Users\vidhu\.vscode\extensions\redhat.java-1.50.0-win32-x64\jre\21.0.9-win32-x86_64\bin\java.dll
Event: 0.086 Loaded shared library c:\Users\vidhu\.vscode\extensions\redhat.java-1.50.0-win32-x64\jre\21.0.9-win32-x86_64\bin\zip.dll
Event: 0.111 Loaded shared library C:\Users\vidhu\.vscode\extensions\redhat.java-1.50.0-win32-x64\jre\21.0.9-win32-x86_64\bin\instrument.dll
Event: 0.116 Loaded shared library C:\Users\vidhu\.vscode\extensions\redhat.java-1.50.0-win32-x64\jre\21.0.9-win32-x86_64\bin\net.dll
Event: 0.119 Loaded shared library C:\Users\vidhu\.vscode\extensions\redhat.java-1.50.0-win32-x64\jre\21.0.9-win32-x86_64\bin\nio.dll
Event: 0.125 Loaded shared library C:\Users\vidhu\.vscode\extensions\redhat.java-1.50.0-win32-x64\jre\21.0.9-win32-x86_64\bin\zip.dll
Event: 0.149 Loaded shared library C:\Users\vidhu\.vscode\extensions\redhat.java-1.50.0-win32-x64\jre\21.0.9-win32-x86_64\bin\jimage.dll
Event: 0.236 Loaded shared library c:\Users\vidhu\.vscode\extensions\redhat.java-1.50.0-win32-x64\jre\21.0.9-win32-x86_64\bin\verify.dll
Event: 1.294 Loaded shared library C:\Users\vidhu\AppData\Roaming\Code\User\globalStorage\redhat.java\1.50.0\config_ss_win\org.eclipse.equinox.launcher\org.eclipse.equinox.launcher.win32.win32.x86_64_1.2.1400.v20250801-0854\eclipse_11916.dll
Event: 2.061 Loaded shared library C:\Users\vidhu\AppData\Local\Temp\jna-112202974\jna6125252382484165245.dll

Deoptimization events (20 events):
Event: 6.987 Thread 0x00000163a13e0870 Uncommon trap: trap_request=0xffffffde fr.pc=0x000001634c8b28ec relative=0x00000000000083cc
Event: 6.987 Thread 0x00000163a13e0870 Uncommon trap: reason=class_check action=maybe_recompile pc=0x000001634c8b28ec method=lombok.patcher.PatchScript$MethodPatcher.visitMethod(ILjava/lang/String;Ljava/lang/String;Ljava/lang/String;[Ljava/lang/String;)Lorg/lombokweb/asm/MethodVisitor; @ 101 c
Event: 6.987 Thread 0x00000163a13e0870 DEOPT PACKING pc=0x000001634c8b28ec sp=0x000000049d1fbeb0
Event: 6.987 Thread 0x00000163a13e0870 DEOPT UNPACKING pc=0x000001634c1e3aa2 sp=0x000000049d1fbe58 mode 2
Event: 6.987 Thread 0x00000163a13e0870 Uncommon trap: trap_request=0xffffffde fr.pc=0x000001634c8b28ec relative=0x00000000000083cc
Event: 6.987 Thread 0x00000163a13e0870 Uncommon trap: reason=class_check action=maybe_recompile pc=0x000001634c8b28ec method=lombok.patcher.PatchScript$MethodPatcher.visitMethod(ILjava/lang/String;Ljava/lang/String;Ljava/lang/String;[Ljava/lang/String;)Lorg/lombokweb/asm/MethodVisitor; @ 101 c
Event: 6.987 Thread 0x00000163a13e0870 DEOPT PACKING pc=0x000001634c8b28ec sp=0x000000049d1fbeb0
Event: 6.987 Thread 0x00000163a13e0870 DEOPT UNPACKING pc=0x000001634c1e3aa2 sp=0x000000049d1fbe58 mode 2
Event: 6.987 Thread 0x00000163a13e0870 Uncommon trap: trap_request=0xffffffde fr.pc=0x000001634c8b28ec relative=0x00000000000083cc
Event: 6.987 Thread 0x00000163a13e0870 Uncommon trap: reason=class_check action=maybe_recompile pc=0x000001634c8b28ec method=lombok.patcher.PatchScript$MethodPatcher.visitMethod(ILjava/lang/String;Ljava/lang/String;Ljava/lang/String;[Ljava/lang/String;)Lorg/lombokweb/asm/MethodVisitor; @ 101 c
Event: 6.987 Thread 0x00000163a13e0870 DEOPT PACKING pc=0x000001634c8b28ec sp=0x000000049d1fbeb0
Event: 6.987 Thread 0x00000163a13e0870 DEOPT UNPACKING pc=0x000001634c1e3aa2 sp=0x000000049d1fbe58 mode 2
Event: 6.987 Thread 0x00000163a13e0870 Uncommon trap: trap_request=0xffffffde fr.pc=0x000001634c85f5ec relative=0x000000000000330c
Event: 6.987 Thread 0x00000163a13e0870 Uncommon trap: reason=class_check action=maybe_recompile pc=0x000001634c85f5ec method=lombok.patcher.PatchScript$MethodPatcher.visitMethod(ILjava/lang/String;Ljava/lang/String;Ljava/lang/String;[Ljava/lang/String;)Lorg/lombokweb/asm/MethodVisitor; @ 101 c
Event: 6.987 Thread 0x00000163a13e0870 DEOPT PACKING pc=0x000001634c85f5ec sp=0x000000049d1fbe00
Event: 6.987 Thread 0x00000163a13e0870 DEOPT UNPACKING pc=0x000001634c1e3aa2 sp=0x000000049d1fbe58 mode 2
Event: 7.086 Thread 0x00000163a13e0870 Uncommon trap: trap_request=0xffffff6e fr.pc=0x000001634c81cc28 relative=0x0000000000000968
Event: 7.086 Thread 0x00000163a13e0870 Uncommon trap: reason=loop_limit_check action=maybe_recompile pc=0x000001634c81cc28 method=java.util.regex.Pattern$StartS.match(Ljava/util/regex/Matcher;ILjava/lang/CharSequence;)Z @ 34 c2
Event: 7.086 Thread 0x00000163a13e0870 DEOPT PACKING pc=0x000001634c81cc28 sp=0x000000049d1fbab0
Event: 7.086 Thread 0x00000163a13e0870 DEOPT UNPACKING pc=0x000001634c1e3aa2 sp=0x000000049d1fba10 mode 2

Classes loaded (20 events):
Event: 5.548 Loading class java/util/AbstractList$SubList$1
Event: 5.548 Loading class java/util/AbstractList$SubList$1 done
Event: 5.687 Loading class java/util/Vector$1
Event: 5.687 Loading class java/util/Vector$1 done
Event: 6.003 Loading class java/util/regex/Pattern$Caret
Event: 6.004 Loading class java/util/regex/Pattern$Caret done
Event: 6.179 Loading class java/util/concurrent/CompletableFuture$UniApply
Event: 6.179 Loading class java/util/concurrent/CompletableFuture$UniCompletion
Event: 6.179 Loading class java/util/concurrent/CompletableFuture$UniCompletion done
Event: 6.179 Loading class java/util/concurrent/CompletableFuture$UniApply done
Event: 6.180 Loading class java/util/concurrent/CancellationException
Event: 6.180 Loading class java/util/concurrent/CancellationException done
Event: 6.180 Loading class java/util/concurrent/CompletableFuture$UniAccept
Event: 6.181 Loading class java/util/concurrent/CompletableFuture$UniAccept done
Event: 6.181 Loading class java/util/concurrent/CompletableFuture$UniExceptionally
Event: 6.181 Loading class java/util/concurrent/CompletableFuture$UniExceptionally done
Event: 6.669 Loading class java/io/FileReader
Event: 6.670 Loading class java/io/FileReader done
Event: 6.671 Loading class java/lang/UnsupportedClassVersionError
Event: 6.671 Loading class java/lang/UnsupportedClassVersionError done

Classes unloaded (7 events):
Event: 2.586 Thread 0x00000163419f6800 Unloading class 0x000001635a18cc00 'java/lang/invoke/LambdaForm$MH+0x000001635a18cc00'
Event: 2.586 Thread 0x00000163419f6800 Unloading class 0x000001635a18c800 'java/lang/invoke/LambdaForm$MH+0x000001635a18c800'
Event: 2.586 Thread 0x00000163419f6800 Unloading class 0x000001635a18c400 'java/lang/invoke/LambdaForm$MH+0x000001635a18c400'
Event: 2.586 Thread 0x00000163419f6800 Unloading class 0x000001635a18c000 'java/lang/invoke/LambdaForm$MH+0x000001635a18c000'
Event: 2.586 Thread 0x00000163419f6800 Unloading class 0x000001635a18bc00 'java/lang/invoke/LambdaForm$BMH+0x000001635a18bc00'
Event: 2.586 Thread 0x00000163419f6800 Unloading class 0x000001635a18b800 'java/lang/invoke/LambdaForm$DMH+0x000001635a18b800'
Event: 2.586 Thread 0x00000163419f6800 Unloading class 0x000001635a18a400 'java/lang/invoke/LambdaForm$DMH+0x000001635a18a400'

Classes redefined (0 events):
No events

Internal exceptions (20 events):
Event: 5.112 Thread 0x000001639f248900 Exception <a 'java/io/FileNotFoundException'{0x00000000d5f27dd0}> (0x00000000d5f27dd0) 
thrown [s\src\hotspot\share\prims\jni.cpp, line 520]
Event: 5.117 Thread 0x000001639f248900 Exception <a 'java/io/FileNotFoundException'{0x00000000d5f28dd0}> (0x00000000d5f28dd0) 
thrown [s\src\hotspot\share\prims\jni.cpp, line 520]
Event: 5.120 Thread 0x000001639f248900 Exception <a 'java/io/FileNotFoundException'{0x00000000d5f2a7b0}> (0x00000000d5f2a7b0) 
thrown [s\src\hotspot\share\prims\jni.cpp, line 520]
Event: 5.122 Thread 0x000001639f248900 Exception <a 'java/io/FileNotFoundException'{0x00000000d5f2ba60}> (0x00000000d5f2ba60) 
thrown [s\src\hotspot\share\prims\jni.cpp, line 520]
Event: 5.127 Thread 0x000001639f248900 Exception <a 'java/io/FileNotFoundException'{0x00000000d5f2ca80}> (0x00000000d5f2ca80) 
thrown [s\src\hotspot\share\prims\jni.cpp, line 520]
Event: 5.400 Thread 0x000001639f248900 Exception <a 'sun/nio/fs/WindowsException'{0x00000000d571bee8}> (0x00000000d571bee8) 
thrown [s\src\hotspot\share\prims\jni.cpp, line 520]
Event: 5.432 Thread 0x000001639fe13da0 Exception <a 'sun/nio/fs/WindowsException'{0x00000000d57400c0}> (0x00000000d57400c0) 
thrown [s\src\hotspot\share\prims\jni.cpp, line 520]
Event: 5.440 Thread 0x000001639fe0ce10 Exception <a 'sun/nio/fs/WindowsException'{0x00000000d57d3110}> (0x00000000d57d3110) 
thrown [s\src\hotspot\share\prims\jni.cpp, line 520]
Event: 5.447 Thread 0x00000163a13e1c20 Exception <a 'sun/nio/fs/WindowsException'{0x00000000d5813a08}> (0x00000000d5813a08) 
thrown [s\src\hotspot\share\prims\jni.cpp, line 520]
Event: 5.450 Thread 0x00000163a13e1c20 Exception <a 'sun/nio/fs/WindowsException'{0x00000000d58150a0}> (0x00000000d58150a0) 
thrown [s\src\hotspot\share\prims\jni.cpp, line 520]
Event: 5.543 Thread 0x000001639f248900 Exception <a 'sun/nio/fs/WindowsException'{0x00000000d5bef238}> (0x00000000d5bef238) 
thrown [s\src\hotspot\share\prims\jni.cpp, line 520]
Event: 5.543 Thread 0x000001639f248900 Exception <a 'sun/nio/fs/WindowsException'{0x00000000d5bef868}> (0x00000000d5bef868) 
thrown [s\src\hotspot\share\prims\jni.cpp, line 520]
Event: 5.957 Thread 0x000001639fe12360 Implicit null exception at 0x000001634c7b041d to 0x000001634c7b0f14
Event: 6.176 Thread 0x000001639fe12360 Exception <a 'java/lang/IncompatibleClassChangeError'{0x00000000d636cbe0}: Found class java.lang.Object, but interface was expected> (0x00000000d636cbe0) 
thrown [s\src\hotspot\share\interpreter\linkResolver.cpp, line 840]
Event: 6.184 Thread 0x000001639fe12360 Exception <a 'java/lang/IncompatibleClassChangeError'{0x00000000d63b1560}: Found class java.lang.Object, but interface was expected> (0x00000000d63b1560) 
thrown [s\src\hotspot\share\interpreter\linkResolver.cpp, line 840]
Event: 6.603 Thread 0x000001639f248900 Exception <a 'java/lang/NoSuchMethodError'{0x00000000d64563c0}: 'java.lang.Object java.lang.invoke.DirectMethodHandle$Holder.invokeSpecial(java.lang.Object, java.lang.Object, int, long)'> (0x00000000d64563c0) 
thrown [s\src\hotspot\share\interpreter\linkResolver.cpp, line 773]
Event: 6.640 Thread 0x00000163a13e3660 Exception <a 'java/lang/ArrayIndexOutOfBoundsException'{0x00000000d65b2d30}: Index 675 out of bounds for length 674> (0x00000000d65b2d30) 
thrown [s\src\hotspot\share\interpreter\interpreterRuntime.cpp, line 439]
Event: 6.706 Thread 0x00000163a13e0870 Exception <a 'java/lang/NoSuchMethodError'{0x00000000d6779e50}: 'int java.lang.invoke.Invokers$Holder.invokeExact_MT(java.lang.Object, java.lang.Object)'> (0x00000000d6779e50) 
thrown [s\src\hotspot\share\interpreter\linkResolver.cpp, line 773]
Event: 6.814 Thread 0x00000163a13e0870 Exception <a 'java/lang/NoSuchMethodError'{0x00000000d6920b90}: 'int java.lang.invoke.DirectMethodHandle$Holder.invokeInterface(java.lang.Object, java.lang.Object)'> (0x00000000d6920b90) 
thrown [s\src\hotspot\share\interpreter\linkResolver.cpp, line 773]
Event: 6.815 Thread 0x00000163a13e0870 Exception <a 'java/lang/IncompatibleClassChangeError'{0x00000000d6923e60}: Found class java.lang.Object, but interface was expected> (0x00000000d6923e60) 
thrown [s\src\hotspot\share\interpreter\linkResolver.cpp, line 840]

ZGC Phase Switch (0 events):
No events

VM Operations (20 events):
Event: 4.249 Executing VM operation: ParallelGCFailedAllocation (Allocation Failure)
Event: 4.254 Executing VM operation: ParallelGCFailedAllocation (Allocation Failure) done
Event: 4.398 Executing VM operation: ParallelGCFailedAllocation (Allocation Failure)
Event: 4.403 Executing VM operation: ParallelGCFailedAllocation (Allocation Failure) done
Event: 4.730 Executing VM operation: ParallelGCFailedAllocation (Allocation Failure)
Event: 4.733 Executing VM operation: ParallelGCFailedAllocation (Allocation Failure) done
Event: 4.981 Executing VM operation: HandshakeAllThreads (Deoptimize)
Event: 4.981 Executing VM operation: HandshakeAllThreads (Deoptimize) done
Event: 5.077 Executing VM operation: HandshakeAllThreads (Deoptimize)
Event: 5.077 Executing VM operation: HandshakeAllThreads (Deoptimize) done
Event: 5.316 Executing VM operation: CollectForMetadataAllocation (Metadata GC Threshold)
Event: 5.363 Executing VM operation: CollectForMetadataAllocation (Metadata GC Threshold) done
Event: 5.875 Executing VM operation: ParallelGCFailedAllocation (Allocation Failure)
Event: 5.877 Executing VM operation: ParallelGCFailedAllocation (Allocation Failure) done
Event: 6.681 Executing VM operation: HandshakeAllThreads (Deoptimize)
Event: 6.682 Executing VM operation: HandshakeAllThreads (Deoptimize) done
Event: 6.879 Executing VM operation: ParallelGCFailedAllocation (Allocation Failure)
Event: 6.883 Executing VM operation: ParallelGCFailedAllocation (Allocation Failure) done
Event: 7.194 Executing VM operation: ParallelGCFailedAllocation (Allocation Failure)
Event: 7.196 Executing VM operation: ParallelGCFailedAllocation (Allocation Failure) done

Memory protections (0 events):
No events

Nmethod flushes (20 events):
Event: 5.337 Thread 0x00000163419f6800 flushing  nmethod 0x0000016344f9fe10
Event: 5.337 Thread 0x00000163419f6800 flushing  nmethod 0x0000016344fa0110
Event: 5.337 Thread 0x00000163419f6800 flushing  nmethod 0x0000016344fb5d90
Event: 5.337 Thread 0x00000163419f6800 flushing  nmethod 0x0000016344fb8390
Event: 5.337 Thread 0x00000163419f6800 flushing  nmethod 0x0000016344ffce10
Event: 5.337 Thread 0x00000163419f6800 flushing  nmethod 0x000001634507ff10
Event: 5.337 Thread 0x00000163419f6800 flushing  nmethod 0x0000016345080390
Event: 5.337 Thread 0x00000163419f6800 flushing  nmethod 0x0000016345080890
Event: 5.337 Thread 0x00000163419f6800 flushing  nmethod 0x0000016345081010
Event: 5.337 Thread 0x00000163419f6800 flushing  nmethod 0x00000163450b3d90
Event: 5.337 Thread 0x00000163419f6800 flushing  nmethod 0x00000163450b4790
Event: 5.337 Thread 0x00000163419f6800 flushing  nmethod 0x00000163450baf90
Event: 5.337 Thread 0x00000163419f6800 flushing  nmethod 0x00000163450f1290
Event: 5.337 Thread 0x00000163419f6800 flushing  nmethod 0x00000163450f5410
Event: 5.337 Thread 0x00000163419f6800 flushing  nmethod 0x00000163450f6890
Event: 5.337 Thread 0x00000163419f6800 flushing  nmethod 0x0000016345127990
Event: 5.337 Thread 0x00000163419f6800 flushing  nmethod 0x0000016345127d90
Event: 5.337 Thread 0x00000163419f6800 flushing  nmethod 0x0000016345138810
Event: 5.337 Thread 0x00000163419f6800 flushing  nmethod 0x0000016345142c90
Event: 5.337 Thread 0x00000163419f6800 flushing  nmethod 0x000001634514c590

Events (20 events):
Event: 3.153 Thread 0x000001633f6a0b90 Thread added: 0x000001639fe0e1c0
Event: 3.153 Thread 0x000001633f6a0b90 Thread added: 0x000001639fe10920
Event: 3.153 Thread 0x000001633f6a0b90 Thread added: 0x000001639fe11640
Event: 3.153 Thread 0x000001633f6a0b90 Thread added: 0x000001639fe0d4a0
Event: 3.153 Thread 0x000001633f6a0b90 Thread added: 0x000001639fe0db30
Event: 3.177 Thread 0x000001633f6a0b90 Thread added: 0x000001639fe129f0
Event: 3.319 Thread 0x000001639fe11cd0 Thread added: 0x000001639fe13080
Event: 3.376 Thread 0x000001633f6a0b90 Thread added: 0x000001639fe0fc00
Event: 3.376 Thread 0x000001633f6a0b90 Thread added: 0x000001639fe12360
Event: 4.615 Thread 0x00000163a00f1b40 Thread exited: 0x00000163a00f1b40
Event: 5.412 Thread 0x000001639f248900 Thread added: 0x000001639fe13da0
Event: 5.433 Thread 0x000001639fe13da0 Thread added: 0x000001639fe0ce10
Event: 5.436 Thread 0x000001639fe0ce10 Thread added: 0x000001639fe0eee0
Event: 5.439 Thread 0x000001639fe0eee0 Thread added: 0x000001639fe0f570
Event: 5.439 Thread 0x000001639fe13da0 Thread added: 0x00000163a13e1c20
Event: 5.678 Thread 0x000001639f1dd460 Thread exited: 0x000001639f1dd460
Event: 6.180 Thread 0x000001639fe12360 Thread added: 0x00000163a13e3660
Event: 6.187 Thread 0x000001639fe12360 Thread added: 0x00000163a13e0870
Event: 6.780 Thread 0x000001639f010240 Thread added: 0x00000163a1a7f960
Event: 6.996 Thread 0x000001639f010240 Thread added: 0x00000163a139d2b0


Dynamic libraries:
0x00007ff7d3de0000 - 0x00007ff7d3dee000 	c:\Users\vidhu\.vscode\extensions\redhat.java-1.50.0-win32-x64\jre\21.0.9-win32-x86_64\bin\java.exe
0x00007ffd60790000 - 0x00007ffd609a8000 	C:\WINDOWS\SYSTEM32\ntdll.dll
0x00007ffd5f580000 - 0x00007ffd5f644000 	C:\WINDOWS\System32\KERNEL32.DLL
0x00007ffd5d8d0000 - 0x00007ffd5dca3000 	C:\WINDOWS\System32\KERNELBASE.dll
0x00007ffd5dd30000 - 0x00007ffd5de41000 	C:\WINDOWS\System32\ucrtbase.dll
0x00007ffd4c520000 - 0x00007ffd4c538000 	c:\Users\vidhu\.vscode\extensions\redhat.java-1.50.0-win32-x64\jre\21.0.9-win32-x86_64\bin\jli.dll
0x00007ffd5ed30000 - 0x00007ffd5eee2000 	C:\WINDOWS\System32\USER32.dll
0x00007ffd4bea0000 - 0x00007ffd4bebe000 	c:\Users\vidhu\.vscode\extensions\redhat.java-1.50.0-win32-x64\jre\21.0.9-win32-x86_64\bin\VCRUNTIME140.dll
0x00007ffd5e400000 - 0x00007ffd5e426000 	C:\WINDOWS\System32\win32u.dll
0x00007ffd5ea60000 - 0x00007ffd5ea89000 	C:\WINDOWS\System32\GDI32.dll
0x00007ffd5df10000 - 0x00007ffd5e02b000 	C:\WINDOWS\System32\gdi32full.dll
0x00007ffd4bb70000 - 0x00007ffd4be0c000 	C:\WINDOWS\WinSxS\amd64_microsoft.windows.common-controls_6595b64144ccf1df_6.0.22621.6060_none_2712eda17382d24b\COMCTL32.dll
0x00007ffd5e220000 - 0x00007ffd5e2ba000 	C:\WINDOWS\System32\msvcp_win.dll
0x00007ffd5f060000 - 0x00007ffd5f107000 	C:\WINDOWS\System32\msvcrt.dll
0x00007ffd5ec50000 - 0x00007ffd5ec81000 	C:\WINDOWS\System32\IMM32.DLL
0x000000006fdd0000 - 0x000000006fddc000 	C:\Program Files (x86)\360\Total Security\safemon\SafeWrapper.dll
0x00007ffd5f110000 - 0x00007ffd5f1c1000 	C:\WINDOWS\System32\ADVAPI32.dll
0x00007ffd5eba0000 - 0x00007ffd5ec48000 	C:\WINDOWS\System32\sechost.dll
0x00007ffd5d8a0000 - 0x00007ffd5d8c8000 	C:\WINDOWS\System32\bcrypt.dll
0x00007ffd5f990000 - 0x00007ffd5faa8000 	C:\WINDOWS\System32\RPCRT4.dll
0x00007ffcf2ef0000 - 0x00007ffcf2f9c000 	C:\Program Files (x86)\360\Total Security\safemon\libzdtp64.dll
0x00007ffd5fce0000 - 0x00007ffd6057c000 	C:\WINDOWS\System32\SHELL32.dll
0x00007ffd5e2c0000 - 0x00007ffd5e3ff000 	C:\WINDOWS\System32\wintypes.dll
0x00007ffd5f1e0000 - 0x00007ffd5f571000 	C:\WINDOWS\System32\combase.dll
0x00007ffd5fc70000 - 0x00007ffd5fcd9000 	C:\WINDOWS\System32\SHLWAPI.dll
0x00007ffd5d410000 - 0x00007ffd5d41a000 	C:\WINDOWS\SYSTEM32\VERSION.dll
0x00007ffd57ad0000 - 0x00007ffd57adc000 	c:\Users\vidhu\.vscode\extensions\redhat.java-1.50.0-win32-x64\jre\21.0.9-win32-x86_64\bin\vcruntime140_1.dll
0x00007ffd21020000 - 0x00007ffd210ad000 	c:\Users\vidhu\.vscode\extensions\redhat.java-1.50.0-win32-x64\jre\21.0.9-win32-x86_64\bin\msvcp140.dll
0x00007ffcb5b00000 - 0x00007ffcb68a0000 	c:\Users\vidhu\.vscode\extensions\redhat.java-1.50.0-win32-x64\jre\21.0.9-win32-x86_64\bin\server\jvm.dll
0x00007ffd5ecb0000 - 0x00007ffd5ed21000 	C:\WINDOWS\System32\WS2_32.dll
0x00007ffd5d770000 - 0x00007ffd5d7bd000 	C:\WINDOWS\SYSTEM32\POWRPROF.dll
0x00007ffd56c50000 - 0x00007ffd56c84000 	C:\WINDOWS\SYSTEM32\WINMM.dll
0x00007ffd5d750000 - 0x00007ffd5d763000 	C:\WINDOWS\SYSTEM32\UMPDC.dll
0x00007ffd5c7d0000 - 0x00007ffd5c7e8000 	C:\WINDOWS\SYSTEM32\kernel.appcore.dll
0x00007ffd57a80000 - 0x00007ffd57a8a000 	c:\Users\vidhu\.vscode\extensions\redhat.java-1.50.0-win32-x64\jre\21.0.9-win32-x86_64\bin\jimage.dll
0x00007ffd5ac40000 - 0x00007ffd5ae73000 	C:\WINDOWS\SYSTEM32\DBGHELP.DLL
0x00007ffd5eac0000 - 0x00007ffd5eb98000 	C:\WINDOWS\System32\OLEAUT32.dll
0x00007ffd3c070000 - 0x00007ffd3c0a2000 	C:\WINDOWS\SYSTEM32\dbgcore.DLL
0x00007ffd5e1a0000 - 0x00007ffd5e21b000 	C:\WINDOWS\System32\bcryptPrimitives.dll
0x00007ffd57a60000 - 0x00007ffd57a6f000 	c:\Users\vidhu\.vscode\extensions\redhat.java-1.50.0-win32-x64\jre\21.0.9-win32-x86_64\bin\instrument.dll
0x00007ffd4b970000 - 0x00007ffd4b990000 	c:\Users\vidhu\.vscode\extensions\redhat.java-1.50.0-win32-x64\jre\21.0.9-win32-x86_64\bin\java.dll
0x00007ffd5b6e0000 - 0x00007ffd5bffa000 	C:\WINDOWS\SYSTEM32\windows.storage.dll
0x00007ffd5eef0000 - 0x00007ffd5eff4000 	C:\WINDOWS\System32\SHCORE.dll
0x00007ffd5d7d0000 - 0x00007ffd5d7f5000 	C:\WINDOWS\SYSTEM32\profapi.dll
0x00007ffd4b150000 - 0x00007ffd4b168000 	c:\Users\vidhu\.vscode\extensions\redhat.java-1.50.0-win32-x64\jre\21.0.9-win32-x86_64\bin\zip.dll
0x00007ffd56930000 - 0x00007ffd56940000 	C:\Users\vidhu\.vscode\extensions\redhat.java-1.50.0-win32-x64\jre\21.0.9-win32-x86_64\bin\net.dll
0x00007ffd5a120000 - 0x00007ffd5a24c000 	C:\WINDOWS\SYSTEM32\WINHTTP.dll
0x00007ffd5cc90000 - 0x00007ffd5ccf9000 	C:\WINDOWS\system32\mswsock.dll
0x00007ffd45680000 - 0x00007ffd45696000 	C:\Users\vidhu\.vscode\extensions\redhat.java-1.50.0-win32-x64\jre\21.0.9-win32-x86_64\bin\nio.dll
0x00007ffd553f0000 - 0x00007ffd55400000 	c:\Users\vidhu\.vscode\extensions\redhat.java-1.50.0-win32-x64\jre\21.0.9-win32-x86_64\bin\verify.dll
0x00007ffd24b10000 - 0x00007ffd24b54000 	C:\Users\vidhu\AppData\Roaming\Code\User\globalStorage\redhat.java\1.50.0\config_ss_win\org.eclipse.equinox.launcher\org.eclipse.equinox.launcher.win32.win32.x86_64_1.2.1400.v20250801-0854\eclipse_11916.dll
0x00007ffd5e8b0000 - 0x00007ffd5ea51000 	C:\WINDOWS\System32\ole32.dll
0x00007ffd5cf80000 - 0x00007ffd5cf9b000 	C:\WINDOWS\SYSTEM32\CRYPTSP.dll
0x00007ffd5c730000 - 0x00007ffd5c767000 	C:\WINDOWS\system32\rsaenh.dll
0x00007ffd5cd30000 - 0x00007ffd5cd58000 	C:\WINDOWS\SYSTEM32\USERENV.dll
0x00007ffd5ce90000 - 0x00007ffd5ce9c000 	C:\WINDOWS\SYSTEM32\CRYPTBASE.dll
0x00007ffd5c260000 - 0x00007ffd5c28d000 	C:\WINDOWS\SYSTEM32\IPHLPAPI.DLL
0x00007ffd5f1d0000 - 0x00007ffd5f1d9000 	C:\WINDOWS\System32\NSI.dll
0x00007ffd16600000 - 0x00007ffd16649000 	C:\Users\vidhu\AppData\Local\Temp\jna-112202974\jna6125252382484165245.dll
0x00007ffd5ea90000 - 0x00007ffd5ea98000 	C:\WINDOWS\System32\PSAPI.DLL
0x00007ffd56b50000 - 0x00007ffd56b69000 	C:\WINDOWS\SYSTEM32\dhcpcsvc6.DLL
0x00007ffd56b30000 - 0x00007ffd56b4f000 	C:\WINDOWS\SYSTEM32\dhcpcsvc.DLL

JVMTI agents:
c:\Users\vidhu\.vscode\extensions\redhat.java-1.50.0-win32-x64\lombok\lombok-1.18.39-4050.jar path:c:\Users\vidhu\.vscode\extensions\redhat.java-1.50.0-win32-x64\jre\21.0.9-win32-x86_64\bin\instrument.dll, loaded, initialized, instrumentlib options:none

dbghelp: loaded successfully - version: 4.0.5 - missing functions: none
symbol engine: initialized successfully - sym options: 0x614 - pdb path: .;c:\Users\vidhu\.vscode\extensions\redhat.java-1.50.0-win32-x64\jre\21.0.9-win32-x86_64\bin;C:\WINDOWS\SYSTEM32;C:\WINDOWS\WinSxS\amd64_microsoft.windows.common-controls_6595b64144ccf1df_6.0.22621.6060_none_2712eda17382d24b;C:\Program Files (x86)\360\Total Security\safemon;c:\Users\vidhu\.vscode\extensions\redhat.java-1.50.0-win32-x64\jre\21.0.9-win32-x86_64\bin\server;C:\Users\vidhu\AppData\Roaming\Code\User\globalStorage\redhat.java\1.50.0\config_ss_win\org.eclipse.equinox.launcher\org.eclipse.equinox.launcher.win32.win32.x86_64_1.2.1400.v20250801-0854;C:\Users\vidhu\AppData\Local\Temp\jna-112202974

VM Arguments:
jvm_args: --add-modules=ALL-SYSTEM --add-opens=java.base/java.util=ALL-UNNAMED --add-opens=java.base/java.lang=ALL-UNNAMED --add-opens=java.base/sun.nio.fs=ALL-UNNAMED -Declipse.application=org.eclipse.jdt.ls.core.id1 -Dosgi.bundles.defaultStartLevel=4 -Declipse.product=org.eclipse.jdt.ls.core.product -Djava.import.generatesMetadataFilesAtProjectRoot=false -DDetectVMInstallationsJob.disabled=true -Dfile.encoding=utf8 -XX:+UseParallelGC -XX:GCTimeRatio=4 -XX:AdaptiveSizePolicyWeight=90 -Dsun.zip.disableMemoryMapping=true -Xmx2G -Xms100m -Xlog:disable -javaagent:c:\Users\vidhu\.vscode\extensions\redhat.java-1.50.0-win32-x64\lombok\lombok-1.18.39-4050.jar 
java_command: c:\Users\vidhu\.vscode\extensions\redhat.java-1.50.0-win32-x64\server\plugins\org.eclipse.equinox.launcher_1.7.100.v20251111-0406.jar -configuration c:\Users\vidhu\AppData\Roaming\Code\User\globalStorage\redhat.java\1.50.0\config_ss_win -data c:\Users\vidhu\AppData\Roaming\Code\User\workspaceStorage\0945df33211d2f548a64139e8c7cf1fe\redhat.java\ss_ws --pipe=\\.\pipe\lsp-c4bd53ec43a0c08b1ce16d8520f49778-sock
java_class_path (initial): c:\Users\vidhu\.vscode\extensions\redhat.java-1.50.0-win32-x64\server\plugins\org.eclipse.equinox.launcher_1.7.100.v20251111-0406.jar
Launcher Type: SUN_STANDARD

[Global flags]
    uintx AdaptiveSizePolicyWeight                 = 90                                        {product} {command line}
     intx CICompilerCount                          = 4                                         {product} {ergonomic}
    uintx GCTimeRatio                              = 4                                         {product} {command line}
   size_t InitialHeapSize                          = 104857600                                 {product} {command line}
   size_t MaxHeapSize                              = 2147483648                                {product} {command line}
   size_t MaxNewSize                               = 715653120                                 {product} {ergonomic}
   size_t MinHeapDeltaBytes                        = 524288                                    {product} {ergonomic}
   size_t MinHeapSize                              = 104857600                                 {product} {command line}
   size_t NewSize                                  = 34603008                                  {product} {ergonomic}
    uintx NonNMethodCodeHeapSize                   = 5839372                                {pd product} {ergonomic}
    uintx NonProfiledCodeHeapSize                  = 122909434                              {pd product} {ergonomic}
   size_t OldSize                                  = 70254592                                  {product} {ergonomic}
    uintx ProfiledCodeHeapSize                     = 122909434                              {pd product} {ergonomic}
    uintx ReservedCodeCacheSize                    = 251658240                              {pd product} {ergonomic}
     bool SegmentedCodeCache                       = true                                      {product} {ergonomic}
   size_t SoftMaxHeapSize                          = 2147483648                             {manageable} {ergonomic}
     bool UseCompressedOops                        = true                           {product lp64_product} {ergonomic}
     bool UseLargePagesIndividualAllocation        = false                                  {pd product} {ergonomic}
     bool UseParallelGC                            = true                                      {product} {command line}

Logging:
Log output configuration:
 #0: stdout all=off uptime,level,tags foldmultilines=false
 #1: stderr all=off uptime,level,tags foldmultilines=false

Release file:
JAVA_VERSION="21.0.9" 
MODULES="java.base java.compiler java.datatransfer java.xml java.prefs java.desktop java.instrument java.logging java.management java.security.sasl java.naming java.rmi java.management.rmi java.net.http java.scripting java.security.jgss java.transaction.xa java.sql java.sql.rowset java.xml.crypto java.se java.smartcardio jdk.accessibility jdk.internal.jvmstat jdk.attach jdk.charsets jdk.internal.opt jdk.zipfs jdk.compiler jdk.crypto.ec jdk.crypto.cryptoki jdk.crypto.mscapi jdk.dynalink jdk.internal.ed jdk.editpad jdk.hotspot.agent jdk.httpserver jdk.internal.le jdk.internal.vm.ci jdk.internal.vm.compiler jdk.internal.vm.compiler.management jdk.jartool jdk.javadoc jdk.jcmd jdk.management jdk.management.agent jdk.jconsole jdk.jdeps jdk.jdwp.agent jdk.jdi jdk.jfr jdk.jshell jdk.jsobject jdk.jstatd jdk.localedata jdk.management.jfr jdk.naming.dns jdk.naming.rmi jdk.net jdk.nio.mapmode jdk.random jdk.sctp jdk.security.auth jdk.security.jgss jdk.unsupported jdk.unsupported.desktop jdk.xml.dom" 

Environment Variables:
JAVA_HOME=C:\Program Files\Java\jdk-25
PATH=C:\Program Files\Common Files\Oracle\Java\javapath;C:\WINDOWS\system32;C:\WINDOWS;C:\WINDOWS\System32\Wbem;C:\WINDOWS\System32\WindowsPowerShell\v1.0\;C:\WINDOWS\System32\OpenSSH\;C:\Program Files\Java\jdk-25\bin;C:\Program Files\apache-maven-3.9.11\bin;C:\Program Files\cursor\resources\app\bin;C:\Program Files\Git\cmd;C:\Program Files\MySQL\MySQL Server 8.0\bin;C:\Program Files\MySQL\MySQL Shell 8.0\bin\;C:\Users\vidhu\AppData\Local\Microsoft\WindowsApps;C:\Users\vidhu\AppData\Local\Programs\Microsoft VS Code\bin;
USERNAME=vidhu
OS=Windows_NT
PROCESSOR_IDENTIFIER=Intel64 Family 6 Model 154 Stepping 4, GenuineIntel
TMP=C:\Users\vidhu\AppData\Local\Temp
TEMP=C:\Users\vidhu\AppData\Local\Temp




Periodic native trim disabled

---------------  S Y S T E M  ---------------

OS:
 Windows 11 , 64 bit Build 22621 (10.0.22621.5415)
OS uptime: 0 days 5:29 hours
Hyper-V role detected

CPU: total 8 (initial active 8) (4 cores per cpu, 2 threads per core) family 6 model 154 stepping 4 microcode 0x424, cx8, cmov, fxsr, ht, mmx, 3dnowpref, sse, sse2, sse3, ssse3, sse4.1, sse4.2, popcnt, lzcnt, tsc, tscinvbit, avx, avx2, aes, erms, clmul, bmi1, bmi2, adx, sha, fma, vzeroupper, clflush, clflushopt, clwb, hv, serialize, rdtscp, rdpid, fsrm, f16c, cet_ibt, cet_ss
Processor Information for processor 0
  Max Mhz: 1200, Current Mhz: 1200, Mhz Limit: 1200
Processor Information for processor 1
  Max Mhz: 1200, Current Mhz: 1200, Mhz Limit: 1200
Processor Information for processor 2
  Max Mhz: 1200, Current Mhz: 1200, Mhz Limit: 1200
Processor Information for processor 3
  Max Mhz: 1200, Current Mhz: 1200, Mhz Limit: 1200
Processor Information for processor 4
  Max Mhz: 900, Current Mhz: 900, Mhz Limit: 900
Processor Information for processor 5
  Max Mhz: 900, Current Mhz: 900, Mhz Limit: 900
Processor Information for processor 6
  Max Mhz: 900, Current Mhz: 900, Mhz Limit: 900
Processor Information for processor 7
  Max Mhz: 900, Current Mhz: 900, Mhz Limit: 900

Memory: 4k page, system-wide physical 7916M (646M free)
TotalPageFile size 9817M (AvailPageFile size 8M)
current process WorkingSet (physical memory assigned to process): 229M, peak: 235M
current process commit charge ("private bytes"): 341M, peak: 347M

vm_info: OpenJDK 64-Bit Server VM (21.0.9+10-LTS) for windows-amd64 JRE (21.0.9+10-LTS), built on 2025-10-21T00:00:00Z by "admin" with unknown MS VC++:1942

END.
